TN:
SF:/usr/lib/python3/dist-packages/apt/__init__.py
DA:20,1,K3NQT6OENJ5bN7B2JzWfBA
DA:21,1,rsRRWulhMqwLvJ3MxolBmA
DA:23,1,NIdh2H7AHoFPIR6GkFlGQw
DA:26,1,igeHJ9PK9hHBM2naXPls8A
DA:27,1,Tn3NuWs4wFAKum22IY8tLA
DA:28,1,28tAlu1SNw+VyOGGlrbnVQ
DA:29,1,tnITnOtmSU79j4fD9uTegA
DA:30,1,NfoH66Jb6izsNoEi4B9zaQ
DA:31,1,qPi3UXXosvcT5aUKb116Tg
DA:34,1,CsTS0fXNOCl3j46g1Zn6Ww
DA:35,1,MN7J8HZtPVFPkOxgXA5+Iw
DA:36,1,KC/exjcJlbX6py1HLlCeCg
DA:38,1,LcvWjVZiCaSy2aMyeF7yAA
LF:13
LH:13
end_of_record
TN:
SF:/usr/lib/python3/dist-packages/apt/cache.py
DA:22,1,rsRRWulhMqwLvJ3MxolBmA
DA:24,1,CbaU/TJ84QH5av4CQIv3kw
DA:25,1,7Z9Lj4ed27Wf2hBX6jooEA
DA:26,1,uqQzsyLE2snBclOsmsd0qA
DA:27,1,bCilR3McFjZmd5pwfbTpqA
DA:30,1,Bu3i2nsblvTtHY77zjRf/Q
DA:33,1,NIdh2H7AHoFPIR6GkFlGQw
DA:34,1,L1b0amZMsMx57QcmjXsuHw
DA:35,1,zkrSPNEi7O1VYoi20udOFA
DA:36,1,F1VXj4jiaAwqZTDQy6982Q
DA:39,1,3bZ/PhRvK42bCJRL6BQymQ
DA:40,1,IZRMsblvuQ94ajlUgCpCLA
DA:43,1,jfZe7QslFiM/TtETow9VQg
DA:44,1,Jk4QzdppmWOM5vMbeDTg+g
DA:47,1,DE/q9uM+J2ib2rrde9WDCA
DA:48,1,T7hMJ3ocUGhFVnrVkP90jQ
DA:51,1,mD2ZT0538/oMmsXGmhn/kw
DA:52,1,RQB2cOWfKcO44FMqMtgPCg
DA:55,1,cGpyLv6ALnHYvAr/uBWJ+Q
DA:56,1,rQ1lcyq28uaBXMpzHoywZg
DA:59,1,XUZrSUhhFqAjKweMbGJSaA
DA:60,1,OdUZql4Q8a75Zh67g5l/Pw
DA:64,1,v3/Jr3HT25uW3vcfo054+Q
DA:66,1,lCBOjl5UtqZQvdGoUIwuFQ
DA:67,1,DZ483k4SQVdiyt/6Vub+Hw
DA:69,1,mnoV0T4hEkr2W8HjAfJidA
DA:77,1,2aIpiF7Z8A7L0We0eE8O1Q
DA:82,1,jcKbpflzdaP7O4KwnXm4pw
DA:83,1,AqN8i6VosB/pJnZOFLo/YQ
DA:108,1,q/ZAC4EGVPsHKQ0zfsPZ1A
DA:110,1,hWaHR3rRddWVfeLy6wZJDg
DA:111,1,NHxFORm20IwGylx5y+9Gcw
DA:112,1,90HwIynDg3LulXP8jsfP8A
DA:113,1,yslTXkP9fF9zC+SkQQSyMg
DA:114,1,wxe37TPG4yAliZyMMxZXxg
DA:115,1,LqLl3RVqNby3eGZjCe1p7Q
DA:116,1,h+bAQyiGLKd4NPQqGum1qA
DA:117,1,5cxvj67Ir5t0ArJd/BhTCg
DA:118,1,dBZdnOgi3/pHJGikxzbxFg
DA:119,1,htv2cRdRrt2qtiF7G4+5EQ
DA:121,1,0tr/3vS91tAelJjf9sCoIA
DA:122,1,H8hgWOmDJzKmzudGskTBWw
DA:123,1,UJxbONg76VnKeqA5iDrBqA
DA:126,1,5j57XaLLcmPIdxqi6IjuoQ
DA:149,1,wYgTejgFejTnY8EXg7SbDw
DA:150,1,O7BwXSXsZTIvxVli/n23OA
DA:152,1,5XqqB182RrP6i2yEbgWCvg
DA:154,1,6Uj+dofY4cJucPmB/bczCg
DA:159,1,3KlyVDYqkK8PIgl+4/6vCw
DA:162,1,xdxaCGmEVoigyTwWSJsRuw
DA:164,1,MqDsrReF4bBBL3DSqQyLYA
DA:188,1,6rVgky8zBW9/T7ORgV3C0Q
DA:191,1,7WeTVhqW7BptkgZYiJkCew
DA:192,1,LH96B+qQdDmCkKISPfSVEw
DA:193,1,FjRKuBJEiY0Du4abS50oNw
DA:194,1,iB5l78Edtfj03A5tE2IN7A
DA:198,1,dTpQo0RKj0mzDKNsLJkbZg
DA:202,1,ibO2J9GhAmSgEqY27k0Dnw
DA:207,1,MGWnKSxjEZ95c7UuKZLO5g
DA:208,1,0BhAtGELTk1TTWkLypOJ7w
DA:210,1,EpHlQwHaKaJyl+E7ePQheg
DA:211,1,XG2YYs5LVDGlbpY00vv3IA
DA:212,1,mcaeXfoqalLmGHNssaTwPA
DA:214,1,20zWzHZ3zGsM+QIBE8C3LQ
DA:215,1,atQnD1nxSTMzUnLLgCTE8g
DA:216,1,LgeeIBhQsIZPstig39IapA
DA:217,1,zGjzKMIY/QXzhU2zZZ5Dpg
DA:218,1,olLNCPg9bw57P45Dvec/nQ
DA:219,1,5EFTQ0woNzogljM7+p3qeg
DA:220,1,4f1bi3JMVNlEw7V+TxlTUQ
DA:222,1,nL81DfWtYdV2lb70rCf9Dg
DA:224,1,wjA6VxknmMItz08e5FQVBQ
DA:225,1,Vsx2Kmhxa4MY/ZCOw+a7mA
DA:227,1,xaYSFRg1g6zWnWVy765ZRg
DA:234,1,lRCJIFImDAAniPYOKCigSw
DA:245,1,njct3BEo9ZQc95mipIYOwg
DA:259,1,BqX2JNUJ8Wauai/ghs9dMQ
DA:263,1,liZUor3NtZEpgkGhMKTN2A
DA:264,1,pcYiJ2EMtoAPRUh467XDAw
DA:266,1,mnoV0T4hEkr2W8HjAfJidA
DA:271,1,X7Jctv7Y9ipZV+LU0Dd22Q
DA:276,1,K+dOV80AkMIXxBa6OFnpNg
DA:293,1,Qpd2L3AKMhktR5BTT5Z8Pg
DA:304,1,4Avss2xvs6sWry6UUs8ozQ
DA:314,1,14/FJ08LgnjasFiR9+VXyg
DA:321,1,2xkKRvsftSZqlVrclwO1Hg
DA:322,1,iOSYXoheEV8WyQWcu8YjXQ
DA:323,1,6r6+ToyS+badJoHds7oUvw
DA:325,1,5/yG9aRqH1JAi5y9D8yJow
DA:328,1,6nzzZIqHsoGV66Yu1QoKrg
DA:330,1,n0ftt6Ig5x50UNhrFv5hQQ
DA:334,1,uYWo/35LMbO4+n6OYU2/EA
DA:341,1,NhwiEFYxgSItKkKpG1x/GA
DA:345,1,ZS81iDFCilpn4GRHM10GNw
DA:347,1,dS24dceF0sunphwIui9wRA
DA:348,1,6b+Q38kV5vTVLbErf4+6vg
DA:351,1,2CkbTLx1O/27qMfQNv4niQ
DA:353,1,vOaTU4p2Br+X8OMRnbF/3A
DA:363,1,nbbbAV4nK3aXV+m7q3Qipw
DA:375,1,HmADa1g/W1C2Vo9Wm4sNNA
DA:376,1,cIQgQYQ7wKRYyzpjULUpKw
DA:387,1,HmADa1g/W1C2Vo9Wm4sNNA
DA:388,1,/80nxEKXUEuM+fSNg9o/bw
DA:393,1,HmADa1g/W1C2Vo9Wm4sNNA
DA:394,1,bnuYag16/H81g4ySYJr3ng
DA:407,1,SqotpfafTjJhVYcPTt39mw
DA:440,1,aA55FMql02Bjz26/yBSRtQ
DA:459,1,zRcjjyHmtTyAlxOi6ohjbQ
DA:493,1,H22c8ZyOEk8nN42kbItDvQ
DA:503,1,F2rzZF5kfIznDeTh2Z2qcg
DA:536,1,AzJTK7wvreIy9m0bitBRTA
DA:587,1,dXr02VTSbzCdIcgB9LjSIg
DA:621,1,lwUORU5C0XwuGuSwuAS0eA
DA:679,1,9KxkZRtFQwuFRkFZnMBA6g
DA:686,1,nxZOJ5Dn8Nmv+8XnJIS5Ag
DA:691,1,aJD/XT666yrzk9YhsZqMsw
DA:697,1,Z04TdvTcfuyih/nondMBfQ
DA:706,1,a4Yk7ilQaaQuhwdC1orXnw
DA:709,1,kpwPB/K1uV7iDZ19SWXXjw
DA:710,1,izCKDQqJ24wmBrq6iQQyWw
DA:711,1,bZjTMXhEchbyMedjFTWxiA
DA:713,1,dFrihd7ZSJ/3hGyw3zCzxg
DA:734,1,famMwrdGk+MdyLhZrt4OPw
DA:756,1,HmADa1g/W1C2Vo9Wm4sNNA
DA:757,1,WFkZSjtTpqq1d55Wuy6+Kw
DA:772,1,HmADa1g/W1C2Vo9Wm4sNNA
DA:773,1,RAMIqxafM0h+IV9BYIwNtg
DA:778,1,HmADa1g/W1C2Vo9Wm4sNNA
DA:779,1,krtb0UkrXR9yDl9Vhb6SWQ
DA:784,1,HmADa1g/W1C2Vo9Wm4sNNA
DA:785,1,B/342WBL2bYMc7WNMrzUPQ
DA:790,1,HmADa1g/W1C2Vo9Wm4sNNA
DA:791,1,pzmxBxV46eEX/DN8tXh8yA
DA:797,1,ya7DtnHMMKEYqSP//grYhQ
DA:798,1,J7/ZTxSCHktvToPB3y7guw
DA:803,1,U+BjiUnRLzPBcLIp+Kd7qg
DA:808,1,i035nVpp3NC4OTw6Cfk/Ug
DA:813,1,sFJcPzLWAAzx65UQDiAJQA
DA:818,1,mhvHPVbx0J/Vx8+jmM3QLg
DA:823,1,aud3yyoVlMiSrB0qZW6bkg
DA:830,1,efclKgxczhwoKVEDd/TG/g
DA:841,1,uFTwMV7toS8VahHrz4r/VA
DA:842,1,gk7syFZB79S8/lj4nKmInQ
DA:844,1,pDrizLOYZpBFXxyS7C00gg
DA:852,1,pFluLzIflrA9VI4pFM4ZkA
DA:853,1,BYzwbDebPjw9x+5CsRO6PA
DA:855,1,pDrizLOYZpBFXxyS7C00gg
DA:863,1,KLGIpc/83N4URt5SJN1C4g
DA:864,1,GQWnvEcCaPLZTZsCR7MOmA
DA:869,1,pDrizLOYZpBFXxyS7C00gg
DA:874,1,sLHxCZR8+R5KYdGuvOirQw
DA:875,1,G2JlkRsiUw1jiCpc4LfRyA
DA:877,1,U+BjiUnRLzPBcLIp+Kd7qg
DA:886,1,4xPeB0+OKaf0qLpccD4I/g
DA:897,1,8cS61gn7A7huBDVlN3eRTQ
DA:903,1,qPCNFsDqgLb+y/Xp4IBDGw
DA:910,1,+tqN8MmPwu+MsnCs3VEIag
DA:911,1,m2HzEf+v2RJu1U2rwHEnRg
DA:916,1,fNS9/hd47O4//n0B/DRtag
DA:924,1,NhwiEFYxgSItKkKpG1x/GA
DA:928,1,K+dOV80AkMIXxBa6OFnpNg
DA:932,1,14/FJ08LgnjasFiR9+VXyg
DA:937,1,ZS81iDFCilpn4GRHM10GNw
DA:941,1,n0ftt6Ig5x50UNhrFv5hQQ
DA:945,1,uYWo/35LMbO4+n6OYU2/EA
DA:953,1,8cS61gn7A7huBDVlN3eRTQ
DA:959,1,zu1n64veTq/SWTivotkrRg
DA:964,1,PV08jNlqh57NqaqiRygOjg
DA:970,1,abobXa4FXP6+k0jUXCfARQ
DA:975,1,S7SXOLUaEhIUqgeXbhjPrw
DA:980,1,poWfSXdHo77KK7tZ036ohA
DA:1037,1,PCd+tTkojc+/9k3Gg2wfWw
DA:71,0,xjcDBnSwra0OiNOAYAwoHA
DA:72,0,p8s/mrIdoIxWoNHsmBYzoQ
DA:73,0,iuGe2Im2rkr6nh0UFIhXHA
DA:74,0,R3kWGuoFnKQir3+/NHFDDw
DA:79,0,PquvZAK8m14iGuBUu5Kocw
DA:125,0,Jj+3afBCSSW3RZ6Lz80KnQ
DA:127,0,TNlc/bAcVvr9gqWBWE69Rg
DA:128,0,wVd8MzkuZg6c2t9TRgVHjg
DA:129,0,4zcwXbPOjebgm4qHPuVh2g
DA:131,0,/RHeZGWdVC4QsSabhPuDsg
DA:132,0,wTnGLq+mvIsJKnIOFiZXWg
DA:134,0,Hv8v6ZbPzQsq+P1c0ae3Gg
DA:135,0,A+a3gQo2fD4AJbh4dsm45A
DA:139,0,GAfEWCpQM0QQD/yWlp7pqA
DA:143,0,vAGopWsZOeSL0ibRg27WkA
DA:146,0,nKcU1ehWy6BK+K7gSAYv4w
DA:157,0,WPgi7kQb0kvm/wvVpWZVog
DA:170,0,9Ozy2Kl/BdVqb/5DbuNz/w
DA:174,0,f3V4Wnxz4UnWAWWq0LOcrQ
DA:180,0,jmRpy0W01bmxPeoyqR9p7g
DA:181,0,nOilzx4t3tkItN57uXhPdQ
DA:183,0,pNzdQ35xcyTU3Bibv/pqaA
DA:184,0,HXv79Qmcde3B+B7GcpEssQ
DA:185,0,ShQdEdKns2b5SfHYHgimVw
DA:186,0,AI/b+VIrXNFFgNZsqO1lIQ
DA:196,0,KWx4ntuiiBRrsyZvfgnOew
DA:199,0,A0GU7QZlCHpNLlV1+69Z3w
DA:200,0,GHURuqroouQknKDC7GBRCA
DA:235,0,xvWIcpcyNr0gyGcTkdMxXw
DA:236,0,TE12r/l8pO7LjAVI6IDpXA
DA:237,0,SGwhj9XRnw3+5Sz+mS7dkw
DA:238,0,HRmYgrUgQRrlHMAQ7gWdXQ
DA:240,0,xvWIcpcyNr0gyGcTkdMxXw
DA:241,0,aay/VSzGljsxUppH6H6CzQ
DA:242,0,cv8uz5xLzON8BfkGW5WKWg
DA:243,0,FtBOg2m+GNCegx6cZKUT7Q
DA:247,0,ZXme2jYr+NEFN02qnjAxeA
DA:249,0,l9wsmo1dQzAEMWHSOP/Llg
DA:254,0,lsMo/0+kLAGjhKuZvFAKzw
DA:255,0,bILj4pY/pxwJC6+WfN+YlQ
DA:257,0,6U5Q2cV9HKpegCfFC5oUqw
DA:269,0,ackOWdJx2/IgtB/ELuvQJg
DA:274,0,EpHlQwHaKaJyl+E7ePQheg
DA:279,0,xjcDBnSwra0OiNOAYAwoHA
DA:280,0,7wiiJvcJbgI53L9qEszhxQ
DA:281,0,yWc3ZVfIFcDKJ6n/jMH0Ag
DA:282,0,Iyc7OFdUwu47XssfhAqplw
DA:283,0,++sxnvX5lkeWGVjKSGoH8Q
DA:286,0,PF7Hv616aPZNqim6K0HFUA
DA:287,0,++sxnvX5lkeWGVjKSGoH8Q
DA:289,0,HCPQgAIe96YUmNUYJY9iqQ
DA:291,0,eET0O1XUVI2d/zzxxWgaZw
DA:299,0,xjcDBnSwra0OiNOAYAwoHA
DA:300,0,ys9Xispg1VM0k/LQXefnxw
DA:301,0,Iyc7OFdUwu47XssfhAqplw
DA:302,0,ZhruFp8DatBWEUm2/xLgtg
DA:310,0,uXt48QQCF76eTDhMlXlp+Q
DA:312,0,0I0MLXk1D1buceF7R+WAcA
DA:332,0,LTaqEZ7UYcQWyLF98mzfBQ
DA:336,0,xjcDBnSwra0OiNOAYAwoHA
DA:337,0,VuhR4NNJWf/0th3Pwj5xfA
DA:338,0,Iyc7OFdUwu47XssfhAqplw
DA:339,0,kycMaH6XbPuAfUpgfG1Lbg
DA:343,0,MYZRX8JPujcl44fz753xsg
DA:356,0,Tfq26MihJ0aCPCUrNGX+/A
DA:357,0,uV9QKOaGKmIGai8zcYHUcA
DA:358,0,3GkAnXykAN8syA4iwrQLPQ
DA:359,0,mhg8ZFjebDJ6jIX4nTomWA
DA:360,0,EO+ZQjpAxv6XrQVOIl3gsQ
DA:361,0,Ibcb8s4eAo7df0LtUpoSjg
DA:371,0,QfWH0jN7TaqMSG8keyravw
DA:372,0,pQIldCaryHREd6qUxNy2rA
DA:373,0,btXpxOPhOZtrpYbqkGbBOw
DA:379,0,GVZ7lzhL5/15gfTm7ymatg
DA:380,0,wz2GIlGHaiz9hsiobv7SGw
DA:382,0,icXz1eQJe4sAPB0/R4GADg
DA:383,0,Jiy6p5NFX1/hPTwMFcfTnA
DA:384,0,q7tlGQrPY2SxX2H55foV8w
DA:385,0,Tlw1MaJCKblyjT8Wzku5TA
DA:391,0,zsYSp1JQTKj1PiGhPQ9QFA
DA:397,0,yh0SB2lmivFg59UMnfbE6g
DA:398,0,2eV0frql1OQDLQxxPID+uw
DA:399,0,DYvoiQKRXIO+pVQiwau54g
DA:401,0,qeSiudY4r7j7bOQ0pBOQZQ
DA:402,0,zUnJW0GY4HCARl8L6E2XKg
DA:403,0,y5XVH/JxZEgIXaWUukv6Pg
DA:404,0,T4ebBnD6XLcDVBk8I4BuBg
DA:405,0,gXKzVnBbpxxSOZmwlbqYXA
DA:409,0,ppEfLFKco5WPrLoM2FOuxQ
DA:410,0,73ja1qB08DFLzrcKdm01xA
DA:413,0,tiUEQrbZzGIe2WaOzpJRPw
DA:414,0,vB+EZceVU6RB3HFs9GNgfg
DA:415,0,Bwqpv5m3RmdaR+K6gos3Zg
DA:419,0,Q5HH7oIJhFyt5rjkXLkXIQ
DA:422,0,+8nj6Uzr1utVeycqVE8gSw
DA:423,0,nbwpvZAwyBN+FB7/itXkHg
DA:424,0,hVU/d/KaJqx0F0Prao7Qeg
DA:425,0,hO3AdrUfdF9rt8W/krAebw
DA:426,0,HRmYgrUgQRrlHMAQ7gWdXQ
DA:427,0,tV8EQOCbyOFrslly5HnDKQ
DA:428,0,HRmYgrUgQRrlHMAQ7gWdXQ
DA:429,0,OO4N7au7/DqjreG/STs2fw
DA:431,0,E2SEzkjw1GFF76I5aHTYyg
DA:434,0,4izNUyuvhqt7v1txoJ8lfQ
DA:435,0,1Yc8UkeO93Io/XgrluemRQ
DA:436,0,Mhl5fpzKiUK5i/EBYRZobA
DA:437,0,Z2JwR3gXxsW6cvBO6nI65w
DA:438,0,YTWlptadSXDskXlcRHdiQQ
DA:447,0,GVZ7lzhL5/15gfTm7ymatg
DA:448,0,wz2GIlGHaiz9hsiobv7SGw
DA:452,0,dRrFIFSf3dKEh70m70NjEQ
DA:453,0,kycMaH6XbPuAfUpgfG1Lbg
DA:457,0,6+rqRebf6xdTiQRdnyD+HQ
DA:481,0,5FH6vMLZW9jx0LbUft+wSA
DA:482,0,gZ+LdULOeXhLBjB0ZYS61Q
DA:483,0,MGWnKSxjEZ95c7UuKZLO5g
DA:484,0,dJSZX7AsPcdvDMYGBmRycA
DA:485,0,oGI0tVTbcW+MKLphTK4ttw
DA:486,0,Xc2RuqKBjzrpm0rncvbHyw
DA:488,0,fzjyT1nZnY191gptbWeN8Q
DA:489,0,wRLFt2V2feAJP7g+JGcQHQ
DA:496,0,xjcDBnSwra0OiNOAYAwoHA
DA:497,0,0Cqo2Vf9mOr0oYyVBpN5mw
DA:498,0,Iyc7OFdUwu47XssfhAqplw
DA:499,0,kycMaH6XbPuAfUpgfG1Lbg
DA:501,0,GbrVTNpH7p+HQHZ0+QZCDQ
DA:521,0,FakRFntgIRJRfhzV/0J1+Q
DA:522,0,2eV0frql1OQDLQxxPID+uw
DA:523,0,xjcDBnSwra0OiNOAYAwoHA
DA:524,0,pdCeKELifA8kjQgn83bgig
DA:525,0,7z4KIKXghcho40JoauCALw
DA:526,0,FIJp9MiM77XrpzuEAmldcg
DA:527,0,Iyc7OFdUwu47XssfhAqplw
DA:528,0,VWN3y5pcr0bOWZfGjyUvwQ
DA:530,0,raCp+5OjWT2dH0v3GvPXcA
DA:531,0,fbbqojIw7GV16nfUaKSJLw
DA:532,0,gv/GLOsFPJ/y/xMrezIOEQ
DA:533,0,qsg2wj8VSc4RIBwJOK0wjg
DA:534,0,+bfSb1/Xzo6T2MuMYMSvyA
DA:551,0,xCoJGBt8D/RWxHokWcrt9A
DA:552,0,thDSkzYmBbsYzIkjx6QSlQ
DA:553,0,jGQGD9KIUbNSWTYb+jHDbw
DA:554,0,rKqxHAdXy7I77yYqoHla1Q
DA:556,0,10la84BP42Ul9NW0CsqOLQ
DA:557,0,OxT5q8Hs1ZEVG5rxGEIaTA
DA:559,0,pO+chAHoB4xxdqomBlrMGg
DA:560,0,8XijnYRa9RpU7D8l7c0Fkw
DA:561,0,zevJuqDsEFKGAsh/e+RNaw
DA:562,0,C9UZA48SketfvM6TBOnJcg
DA:564,0,o3nnTsYTm33iNW43JlCapA
DA:566,0,xvWIcpcyNr0gyGcTkdMxXw
DA:567,0,LjuxPOe1TFThgAGQMdXrgg
DA:568,0,XQqrhN0S92YaVFH4wxUg3g
DA:569,0,Uk1iEqLYWHwxE4nbWtF0CQ
DA:570,0,bG7mkKfxsjZwnmvKAB08CQ
DA:572,0,5TFZPjaLeUzpkhjnx9IIEA
DA:573,0,owJbwZiTCDLEDz1vnCKEGQ
DA:574,0,9pG1/jguLsG2wIQV8iIGkw
DA:575,0,ALAPPmrD8iIMIhIR9qUYaQ
DA:577,0,OWUaDxCNTw6VoPP4sXg66A
DA:579,0,3G3xAGeZffRxZxAm79hWTA
DA:580,0,a0JsnL6/K8E5bUWCOEsgjw
DA:582,0,q6oAgTpJjmoBtoiSliVYVw
DA:584,0,YAMSwojT54u/GlVwN+25Fw
DA:600,0,xjcDBnSwra0OiNOAYAwoHA
DA:601,0,/5tLLn7sJbFeZOw0E4p8hw
DA:602,0,TulZRDVyZgwaluSyPp9m8w
DA:603,0,1Oj+4DD1XQb956kfrjq65w
DA:605,0,HQWnfybqb7bKy8w9d/owcA
DA:606,0,jvH/wU5bA1rk1nOua1LFVQ
DA:607,0,mUaWSJ/BmE9gsKSDw6K3tw
DA:609,0,xjcDBnSwra0OiNOAYAwoHA
DA:610,0,9AGB2NMMfSpWya0PfZmmFA
DA:612,0,d75wwWJGVx2hjxDIee6puw
DA:613,0,hhmMvwrdJ/KEm3HEecrCVw
DA:615,0,xjcDBnSwra0OiNOAYAwoHA
DA:616,0,tT4RDjiSLwaOBzW9kmr4NQ
DA:617,0,TulZRDVyZgwaluSyPp9m8w
DA:618,0,3lh7BOk1DJnfpCfx7iCBEw
DA:619,0,YTWlptadSXDskXlcRHdiQQ
DA:647,0,/MccuGDeKmG36bjJlFBShw
DA:648,0,w6eZuv4vkTT30qB0wJLC9Q
DA:649,0,foAz/lsOdjvEa45nMmh+nQ
DA:650,0,oTLn+k+VyMYtMqV6m9QdTQ
DA:652,0,XpeaOUSzm65MhfO53NsOQg
DA:654,0,YMW+R/izGQVepUd3UFbn9g
DA:655,0,/+K1uXcZ6GKj/DSpcCL12A
DA:656,0,MihNH0oPG6mRL0ZjPeh8nA
DA:657,0,T/dOk4Mof1uJUaoM60g89Q
DA:660,0,j8jWJRz30eGQ+2bR3sa3bw
DA:664,0,xOAbsi6yKu+xyJG3dYbjWw
DA:665,0,jmD8u9uVUGVZxeYg+J6fnw
DA:666,0,oaMxUZ0mXWQhjLihPsuPYg
DA:667,0,6j10vqh4coTPR0NTFifYyg
DA:668,0,iS8CBU2l34kjfnPp+J3Iwg
DA:669,0,pIYWhUM68FNlVyKvCRc/KQ
DA:670,0,Kin8TCTdAVARz+DaaRPo3A
DA:672,0,DJFfwsAscghM7l7/PkoQtw
DA:676,0,5WfoVyUo3zAtpudi7gvUzA
DA:677,0,w+ZgkMcZ2ajCIiA1cwclWg
DA:682,0,Z/f0D1zSc4g5R8PhZKQH6A
DA:689,0,d3uF7pORnrttlPObeCIcSw
DA:695,0,zgHR9cqk+jM4eKEcOfVyjA
DA:707,0,VWXEdPHZgNmtbYQUuF+j3Q
DA:730,0,bGminAQB7nAfTkzg9Wo9KQ
DA:731,0,vdf7AN8pjHyZz9PhcuoQeg
DA:732,0,3RcKJUzQJ9/Z5PedHDtEKg
DA:754,0,0qbhWUQQdXCZVdFt3dIGtQ
DA:765,0,kT5brL2rEbkq2b89K1srPA
DA:767,0,iFmveaFXdsaPAlpWcAUDEg
DA:768,0,593XzF3flDIFyN2OUZN26w
DA:769,0,n05AfdIFALNK7eRaTWeHow
DA:770,0,W/g8GJDAYJkSSurt59Mzfw
DA:776,0,VAWALHCW9k6T0NelTNY4jQ
DA:782,0,yss+YCQW5nuP+f9+sEoDhg
DA:788,0,O3bouyNkjqY+1orObDQdYg
DA:794,0,Hrl/HVPU9TukItVENZMF6Q
DA:805,0,RwLSKmg1jgsEsM1UEla4WQ
DA:806,0,zF7DoQNWxZngEaEZs/XGrA
DA:811,0,mlvAe+/XhJ5KkWpUtJQwtw
DA:816,0,sFzrfHjskMHza/YyMJEBpw
DA:821,0,IkMmkf/QCKexU+D+GDR+ew
DA:826,0,AAgG1DthuBSpfLot58K7KQ
DA:827,0,vFLhSaBaF2lXJgFLhGjWjw
DA:828,0,kSOUJYmicDdr8JlM+fLKnQ
DA:833,0,AAgG1DthuBSpfLot58K7KQ
DA:834,0,Tu+BuZ7n4gNnBxlOaUlS+Q
DA:835,0,kSOUJYmicDdr8JlM+fLKnQ
DA:849,0,eJ6zrxnLWn/k18a2vHOhRA
DA:857,0,OOEZWH5zHseulKMn9xaxNQ
DA:858,0,z1FY6hyPBCbZwMZY9KnRLg
DA:860,0,kycMaH6XbPuAfUpgfG1Lbg
DA:871,0,AdvuZshEcT/kiH4TvdMAaA
DA:881,0,iR5hQ166b4+2uZvW/xhpdg
DA:882,0,vBLMUjp0oNZ5GHbRYonnsw
DA:883,0,W+QaU2LKMeq8UjAVcdU/RQ
DA:884,0,D50tSAnFBjlUlXGu4ihThw
DA:890,0,v8dEsz1oxskFJ2SKz/iuOA
DA:891,0,fSrZx6szwk0KoLIbo/zDLQ
DA:892,0,JUXeV9k1rc5LY5XsZ5hsYg
DA:893,0,DJltkIuLRj4SwAmZQi/K/g
DA:894,0,cLbf7QfX5mTuCRAJhuQ+/Q
DA:895,0,bILj4pY/pxwJC6+WfN+YlQ
DA:900,0,KWi5i/V0XHeLW8Ed0/GIIQ
DA:901,0,vU57ObnIQ+WzMzerLdI5iw
DA:907,0,fsPwYjGBQDRwtAZ3SDKx0A
DA:918,0,2DvZUQMXEG+jhZE1awV6Kg
DA:919,0,SmkRJok+r+DIX5TNawgLMw
DA:921,0,Rnr+SxEog5zpSwMEpGnizQ
DA:922,0,MWzriVSul0msGa3JgJff7w
DA:926,0,Zcde8FxE3+Shbu8Xpbp/fA
DA:930,0,vrI/4Qkv1pRxZs0k0Q8p1Q
DA:934,0,lxPL+oR1+vjsaTkgUjUxcA
DA:935,0,zoFl2h49qlpgFPnQXdDG/Q
DA:939,0,ngHnmdsRv1u7pj3Ue7ULlQ
DA:943,0,LTaqEZ7UYcQWyLF98mzfBQ
DA:947,0,xjcDBnSwra0OiNOAYAwoHA
DA:949,0,R6We1G1C3LPnlptkN3A2LQ
DA:950,0,Iyc7OFdUwu47XssfhAqplw
DA:951,0,kycMaH6XbPuAfUpgfG1Lbg
DA:956,0,a7OtUF5Vpd98fUaA8ar9XA
DA:957,0,ITz2oUIBWT/oVfJ4GNh47g
DA:962,0,UUpFIm7KXwIlGug7AZif8A
DA:967,0,PWMmUKZ4B0HJpYGdXvFDJA
DA:972,0,pjUEkjTEg34km4Rb4CH7Qw
DA:977,0,c/q6Q4ZRPcIBkNNWmB9laA
DA:983,0,GTIvjrnDXsC0cuGwef/muQ
DA:984,0,rtvT6dH3MAe3JUnaxlnQMA
DA:985,0,MBTiHhz6jYKNEnhTbMtmlg
DA:986,0,jS/t1cdYhzrtFx4DY0W6iA
DA:987,0,m2J8zbPXIdPmU8C5acapIQ
DA:988,0,lSy5nEkCgRUvZgQQTfzUIw
DA:989,0,WBdn1g5diruUaAgBirfmGQ
DA:990,0,EID6dqlqyT9VOmiJizA9Ig
DA:991,0,aV1qdRUNW9CQ2ogWZIbEfQ
DA:993,0,bv1mmL99tMWv95aabUeAKg
DA:994,0,P2s8EcOoYNEHUwuHqxR1Jg
DA:996,0,Vmxl09/E1QhO4fn8IvRSHQ
DA:997,0,gD4oaANp1NfwnfaFuy50RA
DA:998,0,mUvMI31LMKMb5dowK7e1dw
DA:999,0,2KhaC3hDqAsFZmAbGSLjwQ
DA:1000,0,LseXpWdin3aR6o9St9KYaA
DA:1003,0,C+sLNIHVgMvu/PB2JIkipw
DA:1004,0,Uk2DN389Cev15z3pTkYgEA
DA:1005,0,J1e9QYyXgDVpy81VjoMENg
DA:1006,0,gl9YiI66F6FFrXlNYmzAwQ
DA:1007,0,i5BJNrzM79xeIuoRPOLZmw
DA:1008,0,3JPGcj5KcnpNlQOvOoXdlg
DA:1009,0,j2LuCnK8iX29JecY72lPoA
DA:1012,0,gr/F/jzvGlZoxV2UBgCIMw
DA:1013,0,opsTavWvD8BV/Kqby55ZYg
DA:1014,0,oW9KEPqgLVFF/btjCSuGCw
DA:1015,0,Xj5CLPEgyPUItZvYkuLgiQ
DA:1016,0,cj7DxxVsDNi/NbWtPje0DA
DA:1017,0,WCmVQGgj48vyAO4gSGaxxA
DA:1018,0,FeIptfu/siAr4ybiTj5JPg
DA:1019,0,p7cCa10dm8M1QY/im+wDcQ
DA:1020,0,sp3JcJv+v9Bb1q3eOylPZw
DA:1022,0,FeIptfu/siAr4ybiTj5JPg
DA:1024,0,o8oIQaF/4Y01CXIndIFa1w
DA:1025,0,7nUWWrQ+wDMWi+k2tff0yw
DA:1026,0,oW9KEPqgLVFF/btjCSuGCw
DA:1027,0,Xj5CLPEgyPUItZvYkuLgiQ
DA:1028,0,cj7DxxVsDNi/NbWtPje0DA
DA:1029,0,WCmVQGgj48vyAO4gSGaxxA
DA:1030,0,FeIptfu/siAr4ybiTj5JPg
DA:1031,0,p7cCa10dm8M1QY/im+wDcQ
DA:1032,0,sp3JcJv+v9Bb1q3eOylPZw
DA:1034,0,FeIptfu/siAr4ybiTj5JPg
DA:1038,0,HgIJ2OnsnhbQVXHgEiYhGA
LF:469
LH:159
end_of_record
TN:
SF:/usr/lib/python3/dist-packages/apt/cdrom.py
DA:22,1,F9c9u9fCSo7rSp1ay1V1Cw
DA:23,1,rsRRWulhMqwLvJ3MxolBmA
DA:25,1,jEc91tz0B1b2beSYnS+UDQ
DA:26,1,lbaFnMfPJ+WhlwqOMD8Xqg
DA:28,1,NIdh2H7AHoFPIR6GkFlGQw
DA:29,1,NvTWuLpr4KdfRh7mhh1K3w
DA:32,1,rCsVYrSKerh7OnnsncS/Rg
DA:33,1,551b9HdwtcZlxdodeshpWA
DA:49,1,+7rTXk4rhN3Is3ZpcVXaiw
DA:65,1,kedRJxXht2b+rC5h+m/ZrA
DA:70,1,AlcwTaxF29y1oBoIu1y/uA
DA:75,1,HmADa1g/W1C2Vo9Wm4sNNA
DA:76,1,kQfIf9FJ0zI3BLBLkl1ylQ
DA:51,0,s12+McLaAUgFrS8jes6JEQ
DA:52,0,MGWnKSxjEZ95c7UuKZLO5g
DA:53,0,S8DH6+SMvT/d090XTRVzPA
DA:55,0,C6IrlEzphx/XHDCck+Nl1w
DA:57,0,JGB2ipjcHOPN006bPWShbw
DA:58,0,CmXRnXJq2Y03eRIGUXV8sQ
DA:60,0,rVro7CRJ+JHMK1UNz1hW5Q
DA:61,0,JAqkxeX4bvGsNf0o5AVAtw
DA:63,0,i8Rg81xXKjRX/xKWCZFW+A
DA:68,0,e7+kaPtyGusY74qQa+v6zg
DA:73,0,ubvfxnGuzbv+RpNfjLy+MA
DA:79,0,q5aV/MaBRUktFNbS5tuLWw
DA:80,0,+aJSo8Raz/UWaStM+uRqYw
DA:82,0,kycMaH6XbPuAfUpgfG1Lbg
DA:84,0,isnmamr/cGluzdTzfT/lPw
DA:85,0,EbKf+XkVCFiIsaniapezCg
DA:87,0,qBLVoRxK37mTI/an6LLe7A
DA:88,0,1l7Y8fhpsyrVptcze7duDQ
DA:89,0,eUY2FdWtpTuzp04r7AquvA
DA:90,0,DQm2z3VHZ9f90T94fQuZYg
DA:91,0,RNTcXKXjj7lXLnpY02o0Sg
DA:92,0,W/g8GJDAYJkSSurt59Mzfw
LF:34
LH:12
end_of_record
TN:
SF:/usr/lib/python3/dist-packages/apt/package.py
DA:21,1,/3MRITmZPWOi9stHnt+htQ
DA:22,1,rsRRWulhMqwLvJ3MxolBmA
DA:24,1,EZEzNmL93PY96zsSuI0PfQ
DA:25,1,7Z9Lj4ed27Wf2hBX6jooEA
DA:26,1,mUDsnWRiqW9R9nTILGKIZg
DA:27,1,p7hNY1S5rX9QtYADf+cK4g
DA:28,1,LUq4a6TGTefcSy4pK4dMpw
DA:29,1,XRh5gz49gzin2tgbGaB31w
DA:30,1,zyZgoM+E8Ui7MCtwqiF+Nw
DA:32,1,5DQ1Zkna8Uu1rVV16galSA
DA:33,1,UYnO+FAmedUT4GKRBHO7Zw
DA:34,1,c2ySHChqGTx/5eJPAP+3Gw
DA:36,1,JUR7bOJ1gCLKPsiu/wFqYw
DA:40,1,NIdh2H7AHoFPIR6GkFlGQw
DA:41,1,zkrSPNEi7O1VYoi20udOFA
DA:43,1,W0YhKBH7K/J3/iT5e+WzDQ
DA:48,1,NkjDBZN8d8dQm+h2Yxr5AA
DA:50,1,FF6uvj5ZNobkgTcBYVQsXg
DA:54,1,Lw6RCtEr72zGilo2FH0fXw
DA:63,1,7Pwlm9kjR/S8bgL07XqkaQ
DA:64,1,N7HY1aOlrOlS0e4HpvV+eg
DA:67,1,FutjmYMEE+vinfuTExyGCQ
DA:68,1,E6rygqLpKsCkHQk0cqKqOQ
DA:71,1,2GGNjjLRD00UV7LSIct3ow
DA:72,1,qyKKQd50JmyeABdLLyrrbg
DA:74,1,+nq/ZDB8ZlfnwG1O5KjUAw
DA:75,1,D6Kis4cziAz9ZxlViCty9g
DA:83,1,KCZG6NoXDBLkdJjaURG7Cw
DA:96,1,M3NpNT2sVY1bZjVStA8RJg
DA:100,1,ATr+IJPbPltrSHmSJN9HJA
DA:105,1,j+CcxAIEiLeqjzkbiEHnZA
DA:109,1,leWPu3a92U46XgI3/MVg5A
DA:114,1,HmADa1g/W1C2Vo9Wm4sNNA
DA:115,1,IicbCUAIlICV81W7mnIdTA
DA:120,1,HmADa1g/W1C2Vo9Wm4sNNA
DA:121,1,7BjJHPG/AASDPGxKoO2LEw
DA:129,1,HmADa1g/W1C2Vo9Wm4sNNA
DA:130,1,D+RW4sphqHyDDv4ZqDVOBQ
DA:143,1,HmADa1g/W1C2Vo9Wm4sNNA
DA:144,1,e+a2fRQj5dZGvy27sU/OEw
DA:153,1,HmADa1g/W1C2Vo9Wm4sNNA
DA:154,1,gWCcUsmv7IsSp8XmMS2UTQ
DA:170,1,HmADa1g/W1C2Vo9Wm4sNNA
DA:171,1,01je+fjIi04xCrZLKE7zeA
DA:179,1,HmADa1g/W1C2Vo9Wm4sNNA
DA:180,1,rD4yW4Ntm3kXDueiTpu3xg
DA:201,1,HmADa1g/W1C2Vo9Wm4sNNA
DA:202,1,0gsm594Ut7EReWyDBPbO0g
DA:213,1,HmADa1g/W1C2Vo9Wm4sNNA
DA:214,1,YoRhJOru+217uWGXA7PIPg
DA:220,1,wgGK6RuevYCZktSI4hL5Kw
DA:221,1,qbztcvb2FJYR9c3PF+rNkw
DA:230,1,fv1Oqq60Lo5Vs4Co0OD53Q
DA:236,1,j+CcxAIEiLeqjzkbiEHnZA
DA:240,1,leWPu3a92U46XgI3/MVg5A
DA:244,1,HmADa1g/W1C2Vo9Wm4sNNA
DA:245,1,A9ts1DG70jRq3sNbGDGbXA
DA:249,1,HmADa1g/W1C2Vo9Wm4sNNA
DA:250,1,rD4yW4Ntm3kXDueiTpu3xg
DA:265,1,HmADa1g/W1C2Vo9Wm4sNNA
DA:266,1,0gsm594Ut7EReWyDBPbO0g
DA:279,1,HmADa1g/W1C2Vo9Wm4sNNA
DA:280,1,gWCcUsmv7IsSp8XmMS2UTQ
DA:293,1,HmADa1g/W1C2Vo9Wm4sNNA
DA:294,1,01je+fjIi04xCrZLKE7zeA
DA:303,1,bE9/rSjA5ju9VkdsqXMUIw
DA:304,1,z+7wxeeuRL518jqZn5Yluw
DA:316,1,EX1n+2T+pikd35NAEZkQ6w
DA:332,1,leWPu3a92U46XgI3/MVg5A
DA:340,1,gIarV/1+gEX+12NebBA/5A
DA:341,1,0YyUWKzA3tQ6VVZvL1J47A
DA:360,1,2pvP3owF3k3Xd3vsMRa1dA
DA:364,1,ovL+DZA8iIU6vgaCvI/v5w
DA:368,1,j+CcxAIEiLeqjzkbiEHnZA
DA:372,1,K+dOV80AkMIXxBa6OFnpNg
DA:376,1,uYWo/35LMbO4+n6OYU2/EA
DA:380,1,14/FJ08LgnjasFiR9+VXyg
DA:384,1,ESvvE/bURAF8+Fp09UIzBQ
DA:390,1,Qpd2L3AKMhktR5BTT5Z8Pg
DA:398,1,n0ftt6Ig5x50UNhrFv5hQQ
DA:403,1,NhwiEFYxgSItKkKpG1x/GA
DA:408,1,r/ID7DTjZYbIq1gTuuk20A
DA:409,1,RisyFIa305OOLlDqAAOuYw
DA:417,1,Krr8sIQsF42uqBuWl+t8bg
DA:419,1,NQh1Efjhv2csrOgIAfOTfg
DA:420,1,klr5e/c21QSX00KB/QxmHg
DA:421,1,6sb6PGZr6DFBGTHxAV1x6g
DA:423,1,d1f2k792Z9XpynENgbAIbA
DA:453,1,X115G4CwmLkek13LoY9EUg
DA:457,1,aLO4mh4jdTRyoLeCa5v96A
DA:461,1,gUM9Aa7eTglu0cO0NiJL7Q
DA:465,1,LsZ+fAoV8jIOXTo0X1AJZA
DA:469,1,GJPDQGaguJwOJmbL3MX44w
DA:473,1,/NbbjsrcaM7Pn11SM3gHDw
DA:480,1,ovL+DZA8iIU6vgaCvI/v5w
DA:482,1,QX1RiInPaNMBkLp0yn+mVA
DA:484,1,j+CcxAIEiLeqjzkbiEHnZA
DA:488,1,leWPu3a92U46XgI3/MVg5A
DA:493,1,HmADa1g/W1C2Vo9Wm4sNNA
DA:494,1,H/XSMPJoYuJVpIbcIcIIvg
DA:503,1,HmADa1g/W1C2Vo9Wm4sNNA
DA:504,1,GF2AP/mizgCyUyO1TVzJBQ
DA:512,1,HmADa1g/W1C2Vo9Wm4sNNA
DA:513,1,YYNwpY86WM9cR9s7cQFffg
DA:518,1,HmADa1g/W1C2Vo9Wm4sNNA
DA:519,1,VkGaVZnYL3rH2P7F836gNg
DA:524,1,HmADa1g/W1C2Vo9Wm4sNNA
DA:525,1,aMx2P3kcjUsW6qlQfX7+pg
DA:530,1,HmADa1g/W1C2Vo9Wm4sNNA
DA:531,1,Lye55x4LT0zkcYWlLIkvPw
DA:536,1,HmADa1g/W1C2Vo9Wm4sNNA
DA:537,1,Oe2NeLL2n0P8KAxpeZVOCg
DA:542,1,HmADa1g/W1C2Vo9Wm4sNNA
DA:543,1,+N/aLBMeqUUR4yjjF/w3Zg
DA:552,1,HmADa1g/W1C2Vo9Wm4sNNA
DA:553,1,e+a2fRQj5dZGvy27sU/OEw
DA:556,1,+PqwmAb820wiRrhg5qqXfA
DA:558,1,HmADa1g/W1C2Vo9Wm4sNNA
DA:559,1,NrMTX5ZV0TwI+Mh5DqbamA
DA:565,1,HmADa1g/W1C2Vo9Wm4sNNA
DA:566,1,2/72azpy/HH5iteFTGpZPA
DA:571,1,HmADa1g/W1C2Vo9Wm4sNNA
DA:572,1,HR79ZERjvD4r1NuYXWZpeA
DA:577,1,HmADa1g/W1C2Vo9Wm4sNNA
DA:578,1,VSkatK9OE3/PHeMXCUy15w
DA:631,1,HmADa1g/W1C2Vo9Wm4sNNA
DA:632,1,QnHftSwgXFG6RsSnvlWYPA
DA:640,1,HmADa1g/W1C2Vo9Wm4sNNA
DA:641,1,fBUk4XU8gc1Ew0CDimegAA
DA:649,1,HmADa1g/W1C2Vo9Wm4sNNA
DA:650,1,dwIhNDfVSAh+pkAkK0owxg
DA:655,1,HmADa1g/W1C2Vo9Wm4sNNA
DA:656,1,kI50rqq0s/oaD1/kGoCLJg
DA:663,1,HmADa1g/W1C2Vo9Wm4sNNA
DA:664,1,MzfDWPh38F/BiMproq+8Tg
DA:673,1,WqCWYRNdzEtTHJMPwuU2hw
DA:696,1,HmADa1g/W1C2Vo9Wm4sNNA
DA:697,1,ZPo2JLT96rd4iDihnT6hGA
DA:702,1,HmADa1g/W1C2Vo9Wm4sNNA
DA:703,1,7kCiRK2GMzUK7tcn6uoogw
DA:708,1,HmADa1g/W1C2Vo9Wm4sNNA
DA:709,1,REHv9yNCbLJ1OEZDYOEg+w
DA:714,1,HmADa1g/W1C2Vo9Wm4sNNA
DA:715,1,FbJ/3eKVOMGostBZs1CS7g
DA:720,1,HmADa1g/W1C2Vo9Wm4sNNA
DA:721,1,Y9MXkB23z42cSsMaF4x/uA
DA:726,1,HmADa1g/W1C2Vo9Wm4sNNA
DA:727,1,1TkFsx1Dp+kq4/s20tGV+A
DA:735,1,HmADa1g/W1C2Vo9Wm4sNNA
DA:736,1,XTC7HdZiGLp9TvhzJ6DHbg
DA:744,1,HmADa1g/W1C2Vo9Wm4sNNA
DA:745,1,Hh/tMQPp6E0nPF8OIkTO6Q
DA:753,1,HmADa1g/W1C2Vo9Wm4sNNA
DA:754,1,fsnVmGvItgxakGbnVj8Ocg
DA:762,1,HmADa1g/W1C2Vo9Wm4sNNA
DA:763,1,F1TIFS3L8lVEaSXmaico5Q
DA:771,1,HmADa1g/W1C2Vo9Wm4sNNA
DA:772,1,vlFQxKR3YeRzS6UBg5shSQ
DA:782,1,lNwdcJNOUU5IyCWrR6HQNw
DA:793,1,HmADa1g/W1C2Vo9Wm4sNNA
DA:794,1,RKOwxEDe8eB3Mkcgy9HZ/w
DA:802,1,HmADa1g/W1C2Vo9Wm4sNNA
DA:803,1,vJWB7fpnOMNIEnyaiVeoCQ
DA:814,1,HXg0DRcgrCOg1vWtJjrzRw
DA:868,1,Y6OleaUk6vqtIoH3i/p3gw
DA:949,1,XpRlST+L5b3jZeJC2kp0lg
DA:950,1,CWVrm8ThmOtxwItiLKmdvQ
DA:969,1,Ctknn0HUHKTpkY5l6979rg
DA:976,1,GnyHI8+jJVRvaKvyhnUROQ
DA:992,1,j+CcxAIEiLeqjzkbiEHnZA
DA:996,1,leWPu3a92U46XgI3/MVg5A
DA:1000,1,14/FJ08LgnjasFiR9+VXyg
DA:1005,1,A25jn2+LyS0mOuFJq7kBAQ
DA:1015,1,X115G4CwmLkek13LoY9EUg
DA:1019,1,NhwiEFYxgSItKkKpG1x/GA
DA:1025,1,ZS81iDFCilpn4GRHM10GNw
DA:1030,1,Qpd2L3AKMhktR5BTT5Z8Pg
DA:1039,1,wkd8I5da7t+nTh8C0ng9cQ
DA:1040,1,XiOSUkU4bF5EFKVh6rE/NA
DA:1047,1,yfabu1yqc6ztQ9Y3oOCiKg
DA:1050,1,zwC9WejTC5pQqyc77G5/Bw
DA:1051,1,4CP7ZQFRcuotZDK/B5nE5Q
DA:1052,1,bmC+vP+bcCUOQziLE+e31Q
DA:1054,1,j+CcxAIEiLeqjzkbiEHnZA
DA:1058,1,leWPu3a92U46XgI3/MVg5A
DA:1063,1,GJPDQGaguJwOJmbL3MX44w
DA:1067,1,HmADa1g/W1C2Vo9Wm4sNNA
DA:1068,1,HJnIJQxDO7TgXU+QhgDFnQ
DA:1081,1,JelNhFUJa8o9UuLhS6gzIw
DA:1082,1,ISlqN4O4aKvyEWJeSVeEbQ
DA:1089,1,HmADa1g/W1C2Vo9Wm4sNNA
DA:1090,1,FrACYGn18H4QSiTH8R1+QA
DA:1096,1,4YLXUzTNuLephnIMQBgkDw
DA:1097,1,FqwdEwUTD01GyCIY8t1XXw
DA:1100,1,HmADa1g/W1C2Vo9Wm4sNNA
DA:1101,1,IicbCUAIlICV81W7mnIdTA
DA:1114,1,DAQmZCCyYXwYWk0OdURIUw
DA:1116,1,HmADa1g/W1C2Vo9Wm4sNNA
DA:1117,1,f3pvMjDTI0LQn17jqU0+HA
DA:1125,1,CKuSm4dJMQ8DqJXMKy1ihA
DA:1127,1,HmADa1g/W1C2Vo9Wm4sNNA
DA:1128,1,dAwYRgV4mTc0GZ3f5hzLow
DA:1135,1,HmADa1g/W1C2Vo9Wm4sNNA
DA:1136,1,7qU67H6zoYYsUO5/v9JhFg
DA:1143,1,HmADa1g/W1C2Vo9Wm4sNNA
DA:1144,1,kQV7JnVHk0RmpfJKJNPDMw
DA:1149,1,Lye55x4LT0zkcYWlLIkvPw
DA:1167,1,HmADa1g/W1C2Vo9Wm4sNNA
DA:1168,1,CP7RwyndiZxW4CsXVTM+cw
DA:1173,1,HmADa1g/W1C2Vo9Wm4sNNA
DA:1174,1,/KQ8xeSgSV1W843Y1uEY3Q
DA:1179,1,HmADa1g/W1C2Vo9Wm4sNNA
DA:1180,1,tCwfu0fo7RJZD/PMgIdXrw
DA:1185,1,HmADa1g/W1C2Vo9Wm4sNNA
DA:1186,1,LvZvITtgi5yK1sjHuNc3yA
DA:1191,1,HmADa1g/W1C2Vo9Wm4sNNA
DA:1192,1,+ZtviEjfAMs+cJI6sQ756g
DA:1197,1,HmADa1g/W1C2Vo9Wm4sNNA
DA:1198,1,KEBfywy0/fWkE1++sAX6Cw
DA:1203,1,HmADa1g/W1C2Vo9Wm4sNNA
DA:1204,1,+N/aLBMeqUUR4yjjF/w3Zg
DA:1207,1,tw8s7ZTuFsi5YZ2U09kdTw
DA:1209,1,HmADa1g/W1C2Vo9Wm4sNNA
DA:1210,1,/l0Aqta+aUf5YJF2PlRAQA
DA:1216,1,HmADa1g/W1C2Vo9Wm4sNNA
DA:1217,1,XejJ1Pp8hopG4DPcXE3btg
DA:1228,1,HmADa1g/W1C2Vo9Wm4sNNA
DA:1229,1,ZokBU3W1Jawq4RAu5wceDA
DA:1235,1,HmADa1g/W1C2Vo9Wm4sNNA
DA:1236,1,LgPK8NAZ16fYPIq+cp99yA
DA:1253,1,2yngNy72h+7WfnKXOY9KWA
DA:1427,1,HmADa1g/W1C2Vo9Wm4sNNA
DA:1428,1,qSD5+iSAMYA3eBaKgYYNIw
DA:1436,1,HmADa1g/W1C2Vo9Wm4sNNA
DA:1437,1,Lb1i6fEolMTTwkFOuverJQ
DA:1442,1,HmADa1g/W1C2Vo9Wm4sNNA
DA:1443,1,4VhhlIkh/5dzcHglvXCYkg
DA:1448,1,HmADa1g/W1C2Vo9Wm4sNNA
DA:1449,1,4oxxSTjrb+Aespi/2btV5Q
DA:1456,1,y6HhiuiIhj7Qn9JsohzZWw
DA:1463,1,jA8M1GAxRUtEu8MCfleA7g
DA:1484,1,VQzfgUI1sIt+NjTkZ83w+g
DA:1509,1,4gIeKoAEp7CFXVmY5xISew
DA:1521,1,u1Twbv9qKzZkcdPXbKvwzg
DA:1531,1,i5WmxnkuJhaV/QwPwFqhvw
DA:1544,1,T9De/zaaQV4JI6ki7iJiYA
DA:1545,1,poWfSXdHo77KK7tZ036ohA
DA:1603,1,xQVNdxAJxuGw1z9RcZmDQw
DA:57,0,0X3jmZBRcp8U2jIsXsqtZg
DA:58,0,hHQWCjYt/0BhihZm8lw4pw
DA:59,0,/9JXYOpz1pFIFqMsA0gJCQ
DA:60,0,+pNbfy9o+cr8r1Caa0Dl7A
DA:85,0,P0c4JMXTN9tXobmUbEkKFg
DA:86,0,n05AfdIFALNK7eRaTWeHow
DA:87,0,qJXuWTIcdrastvNLA4SgyQ
DA:88,0,T9b1f21TCzp1wI2SITkF2A
DA:89,0,MGHiTRSCtkOHhDPT1/imog
DA:90,0,1hhOqqjTZJC2MdGHOvFZeA
DA:91,0,C+9kHNOK6RpI+QJN5smjQA
DA:92,0,wcwC13GBH0jw2of3TU/iIQ
DA:94,0,7N/JFuOs+JgNw/t49ouLjw
DA:98,0,Fp3xnchKe/rPP6J2uMikMg
DA:102,0,O0rUPrTYTmuL+QeOcan6CA
DA:103,0,2MKHNvjP7/hsOc2rI8ruPA
DA:107,0,uv1q6VVPMlNXnpk76Ayefg
DA:111,0,5i96/ma4Mp+9W0RwRViccQ
DA:118,0,aAffobvPCVh8qaFK+j997g
DA:127,0,6MQMnvmBnlQggVaTP52tTw
DA:141,0,2aT2RIe+mVrQB1wXeLNPLw
DA:151,0,+lZzP4IQQtBL+MrnAD8+bw
DA:160,0,UWj1YsNvcaUMoT1xys1EgA
DA:161,0,JM/nQixz5Gw4U6AkhfSmaw
DA:162,0,u3g4+RP5NL2nVElWCqfgUA
DA:163,0,IY0Q9OC2s9P+U6ReEsYDZw
DA:164,0,zXa0/aKz/z07IL+t2LrD9Q
DA:165,0,fiDx2TBZuFKwW9sBXHzaNQ
DA:166,0,2117yeDI6YnzmP0fNXfgpA
DA:167,0,yVjcVd0uz/+7Glqjt64b1g
DA:168,0,Jgdj+iW7nUIbe4S/VlpVZA
DA:177,0,J6mjRaC5okJB4k6XLS9ryg
DA:196,0,CbkPCYXxl3XMAUba+FoQmg
DA:197,0,fbdXeO1RQaVi5ylZ9dLGfg
DA:199,0,nvZ7bhXbgAJIOJmXuv9ZMg
DA:211,0,a0su8TbeIEh95d3EBxOjHg
DA:217,0,96kvwl6sq0NzYHU9UtNF3Q
DA:232,0,AuXCRJKYqu6CvOhjG9FFeQ
DA:233,0,O0rUPrTYTmuL+QeOcan6CA
DA:234,0,civVJpnhxajZsQ4HVj4yHw
DA:238,0,uv1q6VVPMlNXnpk76Ayefg
DA:242,0,KpY8f/V02M/NJKrw/eIC+A
DA:247,0,ackOWdJx2/IgtB/ELuvQJg
DA:263,0,pvoAlUTG78ctuDxbwAo0mg
DA:277,0,B/l5weVT6zlFvzBXLN6N+g
DA:286,0,emsTKys6fI+sNm7InHC59A
DA:287,0,R/c5GdQIHdJSONirSb1TqQ
DA:288,0,DlvesF/NigfhfxQ2CfHF9w
DA:289,0,bLCYihJn3etyovlIAqeIKg
DA:290,0,cyiSXDStLues9nvRmcRzzQ
DA:291,0,Jgdj+iW7nUIbe4S/VlpVZA
DA:300,0,J6mjRaC5okJB4k6XLS9ryg
DA:318,0,/o2Wqc/fxE7kJimBJj42EA
DA:319,0,SmSgnjhl6FrbE28LD/PnUQ
DA:320,0,eOmM8tl7cEsVwp9BVGcQ+Q
DA:321,0,GFfxoQ78YThggQ0iyntMdA
DA:322,0,cjH4OcpwzwMLnR90In+ebg
DA:323,0,AtGkPQu84mqfKBv3YyIc3g
DA:324,0,Etp7MWghW7LrGkpSFVFzIg
DA:326,0,cTucB4hv2qejP26NcqAbdA
DA:327,0,C8kBwNGys/5ahmSNVchP+w
DA:328,0,xGVlYXuhp+H0Rucn7ZrFRA
DA:330,0,wXcKS/UHOrbrD48YZArEew
DA:334,0,XXtR3W0PheGhqu1ZqjHplg
DA:362,0,hzwlvIkK9jIyBXvjY1dhQA
DA:366,0,dvyXJ2g9go3bndr0JnLtDA
DA:370,0,tzB/UdywoxG6MFyG9jBG1g
DA:374,0,iYakRqPla6zvL+cM6nK7JQ
DA:378,0,I6s/RgFYPZO3u9VPmmnwUw
DA:382,0,SMCDgZBzo1m9rDlNqSzbNw
DA:387,0,lLVVzL/Orfle2vznp2dPjw
DA:388,0,vrUei15mpyMZN7X7Wy1IqA
DA:396,0,990xYhZCEReAUd5oM4L2lA
DA:401,0,I6s/RgFYPZO3u9VPmmnwUw
DA:405,0,vZFUwatVis3xwSJJ8sgkag
DA:438,0,xjcDBnSwra0OiNOAYAwoHA
DA:439,0,rjrfb14pT+BcaBkQlTT04A
DA:440,0,/8fYRxryPaYSI+8vmL84+w
DA:441,0,PQZ/R20w9cpWgvWfy86a5Q
DA:442,0,/6dmgM2gXBBjZP+IbfsdLg
DA:443,0,KYgBfznejVg3t+G1WHfPAg
DA:444,0,Rt6Rg0lNv99AlEQkHHXD6g
DA:445,0,kffurlofTe38xsz8OBBsjQ
DA:446,0,TulZRDVyZgwaluSyPp9m8w
DA:448,0,xvWIcpcyNr0gyGcTkdMxXw
DA:449,0,b+Ubr9kryUCrfOSf3yZKjA
DA:450,0,nyxk/0QJBXTOmwxtmA1WSA
DA:451,0,rhBcC/kG20FVLjPJ6ueZFQ
DA:455,0,WgfBZuECsPKzbENO4Jk0Gw
DA:459,0,vSaQYi3SkaOiiB52isLRZQ
DA:463,0,Khn0gJ8TyiKQG3t6PHXc1g
DA:467,0,THEmDd0qm/VYjgFFp9wAzQ
DA:471,0,VDF+Ijv9VHGz1IH6K7Tf7A
DA:475,0,xjcDBnSwra0OiNOAYAwoHA
DA:476,0,4AaWu84c32qBkt+u3N4jeA
DA:477,0,aG8hzM939a6klmerpUAbhg
DA:478,0,FTDrYToHMnbgEaZMcZCVvg
DA:486,0,Za7MMdCk2evhyEL5pTcWew
DA:490,0,Cw9jXAwK6MT8cOZNkbmG4g
DA:498,0,GX2ZfqT5xhMOeRylQOiyTQ
DA:499,0,A3j3mlTkbdEWt2a/rpJB9g
DA:501,0,0icEFASSCeuYFGTG87QtTQ
DA:507,0,A0Nx5z0kQH4gSKMaXHCVKA
DA:508,0,6/g1yuQI4HqAIRob3DoXCQ
DA:509,0,mecS1nzccC4xAsfS169rNw
DA:510,0,apkQQtiiE4JOuDIBvLOUjQ
DA:516,0,Zwkg1T/TZ/ZV1muLUiWg5w
DA:522,0,PW4+uIPOup2ooTqc7HgLFA
DA:528,0,/+am4U1Sllr45C7Epjo4+g
DA:534,0,fK3RWM5AqaGQskyw/WoxVA
DA:540,0,Uo/46MGwjPZp39WUtuwP2Q
DA:549,0,JZZFBw4PwsNCEjOnm0favQ
DA:550,0,/sEx/CLWlyWEyQSsegK4ng
DA:562,0,T6fwfA09LMz09aNq1PGhjg
DA:563,0,4bHtVsHaWFxaDKwxeCgPKA
DA:569,0,+xtU77f45O6lkPhE/G//2g
DA:575,0,wAqEvPutklXkLm0Jnm95gw
DA:587,0,m3fd0GADjJ4HTlaY/9RcsA
DA:588,0,T6fwfA09LMz09aNq1PGhjg
DA:589,0,nMjg6U8Q+wiX678DmwCPgw
DA:591,0,BXzyK4RDPjP8ABu+reMQnA
DA:592,0,/93tIFAKEp5BW7U04iOnzw
DA:595,0,xjcDBnSwra0OiNOAYAwoHA
DA:596,0,o3V1aeMZy3RfpfIIlTlemg
DA:598,0,fnhevLO/IHLX6r2Uolt+6Q
DA:599,0,qfN85TEBSe7w1HZd3KFtFQ
DA:600,0,3H9QL+EoawJUtK02GTwrdQ
DA:603,0,CLpgYWNZ/DPP2vtrktcssA
DA:605,0,MBWZYbDX/w4XD/aUijxOGQ
DA:606,0,3mJ9ytFR9+9boekX6A0V6g
DA:607,0,WFtbosN72CefNaXJ4BOO1Q
DA:609,0,J12Xr6HivYge3eeJeHtmqQ
DA:610,0,e3VRYnnQ3yuSLFsyuMGWLw
DA:611,0,HRmYgrUgQRrlHMAQ7gWdXQ
DA:612,0,AwJmwdKd2QFCeEtg+IW6DQ
DA:614,0,J12Xr6HivYge3eeJeHtmqQ
DA:615,0,WoV3sSf4y/LDiuOKhOzxMg
DA:617,0,5k4lMPClkz33pQqgs3weOw
DA:618,0,tg2mBUng7NLamfktM/qCmQ
DA:620,0,gA1yIdZcsMew1zyfR60OrQ
DA:622,0,RJq/b3SCM8/Tq0odEStYTg
DA:624,0,WKV/Omi4/C9WQvsx2QCxRA
DA:626,0,FPYNcHcXc9CgMEL1ULz06g
DA:628,0,uPcGuwYXS1BkBOkEptG3/Q
DA:629,0,Y8/pDhZph64SCr5/TNrNGA
DA:635,0,xjcDBnSwra0OiNOAYAwoHA
DA:636,0,xKNKa3goxl3rbqD3t0KDbg
DA:637,0,eDv4sdo0P607swGYhjlu+g
DA:638,0,lnxJDnKeoicnA426g/iFdw
DA:644,0,xjcDBnSwra0OiNOAYAwoHA
DA:645,0,obTRJQchLznKYZsxSENJUw
DA:646,0,eDv4sdo0P607swGYhjlu+g
DA:647,0,+YZB/L1TlgfECfUFot4EJg
DA:653,0,bZy/tnU/ekeoRYpOLnGn4Q
DA:661,0,LaQC3v0OGHyh7U4e2kHMXg
DA:671,0,toLlhfld8896TQ1K1KP/7A
DA:683,0,Ll+1v1kfEI6NZ6bQiR8/NA
DA:684,0,zEwi0X8D/VkycixRJdlpiw
DA:685,0,BM8Q+SzV0hXOPkrf74dHIA
DA:686,0,xvWIcpcyNr0gyGcTkdMxXw
DA:687,0,QwE6hrv2cp4RBo0c0j1pyg
DA:688,0,+GBNSK3USWEkmR3Iu+5HbA
DA:689,0,oNJOW9wN0nz51QMyugsPAg
DA:690,0,sE3+PUfywbOmt51ed+D+6w
DA:691,0,mnCR6VP2qYlEud8j80xdvA
DA:692,0,SGwhj9XRnw3+5Sz+mS7dkw
DA:693,0,dquiAd0b6I3SPuVFJDK09w
DA:694,0,W0h5sRQdP+n5UsvfG3Ia1A
DA:700,0,yWJmaK3lTySEeYMCdnh5fA
DA:706,0,GYVh6g+4O/RhHW2l0ky7aA
DA:712,0,c+99GHgAdfkdUVduvJea/Q
DA:718,0,B4hYOEl2XQcKOyn6EBiwFg
DA:724,0,3l/P+IR0ucp8UIERhzetEQ
DA:730,0,QEPyCRLirybzopbW2zALDw
DA:731,0,4XmCvGNvXoRHEvURK8sRuw
DA:732,0,IMNNV4eL+BB2CwWxPUfuIA
DA:733,0,krSk0n3IE8GAmI89I/b/zA
DA:742,0,1sBJ9brtalB6JQrsYtwr9w
DA:751,0,TqTvYvMuEfN8iU9phxKVJA
DA:760,0,RLiQaD+DB5FqIEAh6GNN9g
DA:769,0,aHKS6xYNJ5KAUGy0rTISWg
DA:780,0,3FpwIoSfar/7bC41SeWJzw
DA:788,0,4XmCvGNvXoRHEvURK8sRuw
DA:789,0,uxQrK3jSCAvu1XmaPEdfsA
DA:790,0,qbWnHTVLm3jNX+8UUcYskA
DA:791,0,Oyu2NcuGOb2+tiifta/wxQ
DA:800,0,3hTcUf6Htlg9ug1j2DKK5g
DA:809,0,xjcDBnSwra0OiNOAYAwoHA
DA:810,0,3Tqic9odbNmopMgJddI31w
DA:811,0,wIQlXQ2pJvsyfwrXcK7k5Q
DA:812,0,Dwjd91USmMoWKfkSCVg/jg
DA:832,0,ppEfLFKco5WPrLoM2FOuxQ
DA:833,0,73ja1qB08DFLzrcKdm01xA
DA:835,0,d2FrrksHgZpxX8quAemnwQ
DA:836,0,dJDZBpGUN5+8dFtpT9J0zg
DA:837,0,Epouk8pVczvx002znVAGZw
DA:838,0,gP9I79ece6nVIEvvsthyVQ
DA:839,0,LRFyEnVf3XP2Gx7T24vtaw
DA:842,0,fOB4atxOZKuhKI+4r8DWUQ
DA:843,0,vf0BdOpMJVt4kC+mmxLcQw
DA:845,0,Ple9ewHhZgk0H/imuz/3vQ
DA:846,0,uyLQ4RTtaJh/j9VE7wd4wg
DA:850,0,BPKlF0GXmGi17+qgPymd6Q
DA:851,0,rLbiZJQQOODQY1/ifD1jZg
DA:852,0,k+NtMFXTbRnzlltnCYVAMw
DA:853,0,v+kbq4TtmhpKcwQNQSgHcw
DA:854,0,HcYXZK4MI76p281KUz1POA
DA:857,0,klrdcXlc06D76o3i8lKswQ
DA:858,0,37YubCrmtbGuQOveHhlzxg
DA:860,0,Jk8HD55g+3cRT0MNyRBimw
DA:862,0,/FRY4VCGcXfPBIk2+749zw
DA:863,0,naG3OkttYr1IOb7c4zTNdw
DA:866,0,2CQm7wSMhPQxtUgHlxfDFA
DA:890,0,ppEfLFKco5WPrLoM2FOuxQ
DA:891,0,73ja1qB08DFLzrcKdm01xA
DA:894,0,4J+b/zWAjquNP7sddTxC4Q
DA:895,0,klrdcXlc06D76o3i8lKswQ
DA:897,0,8o5427EU0X2tFT6mGMeocw
DA:898,0,8bzEA+W/xQVuR45afPacrg
DA:899,0,obP/fi+TfsAvwjW5YiGUbQ
DA:900,0,TqzI//HTX20SUPZaSv5f3g
DA:901,0,9Xk1A4qgzybHyrUWtGH8cg
DA:903,0,ef1/YIBqO24bBZjfXRar2g
DA:904,0,EkKWHaX1XXY9/6cWdFlfwA
DA:905,0,nsfxz+FqWWYM3G+VojPbxg
DA:906,0,rqwjZBVP9mpT7GPi3D9lGg
DA:907,0,L5KSKa0En4TFgaTMcneVMA
DA:909,0,t1VYUoiGh/obDYlpjmiyuA
DA:910,0,uyLQ4RTtaJh/j9VE7wd4wg
DA:914,0,igIUp1DtR89xrSP0rdy07g
DA:915,0,HDMVQzsrTQfZoOdNxYhLtg
DA:916,0,BA2FQxnLkUTSTlRK/u5jIQ
DA:917,0,xqO3O8BGy0gEjRLk7lz51Q
DA:918,0,jeRXwz19we8oZtgJUNqt4g
DA:919,0,hCugUtG+LWD/c19gcB0ZjA
DA:920,0,9/wE0EK6Dfy6dUY5s5pq7w
DA:921,0,HRmYgrUgQRrlHMAQ7gWdXQ
DA:923,0,+kqtycwaudneJrkwoHRI0Q
DA:924,0,DqsKhmh3zevHp5UNSgwrCw
DA:927,0,2oFFO5QXzdP6bv1LP74vXw
DA:930,0,Jk8HD55g+3cRT0MNyRBimw
DA:932,0,KEGnyjZOxOtRrpXht1TXQg
DA:933,0,rqwjZBVP9mpT7GPi3D9lGg
DA:935,0,ChRo/jxT3D9hN6EcR5oalQ
DA:936,0,ydwW5T4rroGdxNfiNUkRig
DA:937,0,ApRcfa9w6FD17GP/3D87AQ
DA:940,0,uomfgVMMXrZSWUj2uHvhFQ
DA:941,0,LbYeya+pwjXCxaCmI44hTw
DA:942,0,nCXp0869JqGTfewT+6c28Q
DA:943,0,a5a6clTRVSBvk+pp974Nng
DA:944,0,NnW1giKIra8Ti40frJ462w
DA:946,0,YOjdnYhBrDJkSrbIP21JNg
DA:971,0,ji4gO66uBXmTU3dBtSop3w
DA:972,0,ZjhnPZLLw52k/dr61IyQVw
DA:973,0,wqX61lRj5SgkCcZNFx7ItA
DA:974,0,sltrAVQgclCOJ6fbVdZn2A
DA:980,0,RgNUh0jETRMRraSLP22+TA
DA:981,0,MjFYyQnv19YV/z3qSB++SQ
DA:982,0,xjcDBnSwra0OiNOAYAwoHA
DA:984,0,5nT6tTB7pAUCkknH4xObpw
DA:985,0,aG8hzM939a6klmerpUAbhg
DA:987,0,zpR2UBPBze7ystZV3MkWxg
DA:988,0,YMZ2G5TwzRJMZb7p8vmGOg
DA:989,0,tdOvhwlIh7ak4pcqhSN3eA
DA:990,0,OHQwK9mEyqyt9uuEPMMTGA
DA:994,0,Ith2+NQEB6RDffoCl3FtAg
DA:998,0,hUGXvqd4EtJ76BINH9apaw
DA:1003,0,RK8Rj1AKI0qOwY9SeTOVMw
DA:1007,0,HRBaA1i2yJlAybwkmHeDOQ
DA:1008,0,8nvnnUTIO5RzGumAK4myCA
DA:1010,0,FXdCU1/EryChpDAuAGlCoQ
DA:1011,0,JUHjslmfEMnnvfSrmfZXtQ
DA:1012,0,n05AfdIFALNK7eRaTWeHow
DA:1013,0,W/g8GJDAYJkSSurt59Mzfw
DA:1017,0,NMMEyl1bgC0X+lLUd7qG0w
DA:1021,0,WgcQ+u6bE58YObXY8eHbiA
DA:1028,0,bnntlnpBbQq+aC/lmXGzrQ
DA:1033,0,xjcDBnSwra0OiNOAYAwoHA
DA:1034,0,UXncwvm/CKPp1XYdJBacOg
DA:1035,0,AWQMY6ErSHFrS0otW2znDg
DA:1036,0,ZhruFp8DatBWEUm2/xLgtg
DA:1056,0,Bx05P9YXab41Ey4LQvHaIQ
DA:1060,0,NLXiygdRE1tZUBGy9NyFXA
DA:1065,0,Eq7x62fytpmBgXY+VOqe/Q
DA:1076,0,DwX8NnWg0OL8BZi+KJ1zqA
DA:1077,0,VbEg8fLGjBEpYOLr0q5q7A
DA:1078,0,jDc2zty2jThCKmROds2RTQ
DA:1079,0,apkQQtiiE4JOuDIBvLOUjQ
DA:1085,0,BA0SE0n9/ZYA6NMQET8toA
DA:1086,0,RBPaLFut8y/He7p+Mf5gGg
DA:1087,0,EuMSg/ndsdYiAUS+Lez18g
DA:1098,0,apkQQtiiE4JOuDIBvLOUjQ
DA:1133,0,aiLIE6wvM3AFcqKkCnvcZw
DA:1141,0,hfLkD7mJqzNcdTyKf94YSQ
DA:1147,0,q8Vu8XzEgnBHhkr1B4iS1A
DA:1163,0,cWk2p6jZFM4mt2rUwcrnSw
DA:1171,0,dB2xag4fd3z+GUHAuTVhcg
DA:1177,0,n1C1/YhfcXo2U10DnPjEuw
DA:1183,0,34LibxRyGwC988R7a+VW5g
DA:1189,0,JA+zN+CTgMStDI2OKT1oFg
DA:1195,0,UKF7xi615mOjv5qOWlWoKQ
DA:1201,0,M58KyHiQOvlASSdXNelURA
DA:1213,0,dIhtdDPf0I73metoQi2qIg
DA:1225,0,vVMFEmTwplgIu3L2fkc8RA
DA:1232,0,S99zA27B4mSp2SXKEdRvGA
DA:1243,0,+Zte2cOZ1C01NGgCkpNO6g
DA:1244,0,k2gLIIdcldQ++BKv0XGEcw
DA:1245,0,xvWIcpcyNr0gyGcTkdMxXw
DA:1246,0,jqrQpnGkT0KsKKE4aUfz7Q
DA:1247,0,4Oh0YK+G8h8DalUGrkYXLw
DA:1248,0,un/BHOv9Q8LwOv/VYqarUg
DA:1249,0,HRmYgrUgQRrlHMAQ7gWdXQ
DA:1251,0,/8OSaRsMmJp+uF82kF50RQ
DA:1272,0,Q+29bJ/1+Dj75wDz8dAzBA
DA:1273,0,NPf9Py21JEkDhVeCaQGgIA
DA:1275,0,4ZUXaLbmRfg5RRStb5Ukhg
DA:1276,0,d5A4cR2BPN2btDA7DVSBJA
DA:1278,0,9GXwiQ3VN5SEstP0kNPVjg
DA:1279,0,2SNDgPh+fi6LFzsSQUT3Dg
DA:1280,0,fCbWUiBKECoJiB27XoZBWA
DA:1283,0,sIsq28aKGfGg95OFjTQwtg
DA:1284,0,3OjEN8U4n8Zb4Tma6XYmWg
DA:1288,0,MTB+oe8gbh7mRKWzR3HkMQ
DA:1289,0,IhTrb7Zt+b+S17TIHimvkw
DA:1290,0,OWUaDxCNTw6VoPP4sXg66A
DA:1292,0,52R1dNy2enwBWC43AvQ/zw
DA:1295,0,g9OKz6NyZx9kSu8MBUt2BQ
DA:1298,0,4PChyyvGbT69aJklOwsuSQ
DA:1300,0,XJuRg3O0MyXGhjne/2tSBA
DA:1303,0,YM1jV7zig6YvPmdZ6zWI8g
DA:1305,0,xjcDBnSwra0OiNOAYAwoHA
DA:1310,0,BTJT7GCSS9oHOCFmENuYQQ
DA:1311,0,QvB0evluUy8ZIp8Vub0K4Q
DA:1312,0,B+ZJQ8zBxPMiDZhsnR0Fag
DA:1314,0,KhnpCoRej3J2U9ixMxGU9w
DA:1315,0,KVlJa4xJEVLE7pJwObRpNw
DA:1316,0,eqbXBPv2ES+sqKXPKY+Ruw
DA:1317,0,xUkRXfDZFCCT1XF2+dzhCg
DA:1319,0,CJ7On4IN2LNuljK4tZ6w1g
DA:1320,0,htKx3Oht4IeDe5XEbkmQqg
DA:1321,0,bILj4pY/pxwJC6+WfN+YlQ
DA:1322,0,75ZSRHm0UCsAa6tL/2cJtg
DA:1324,0,CJ7On4IN2LNuljK4tZ6w1g
DA:1325,0,htKx3Oht4IeDe5XEbkmQqg
DA:1327,0,B1vQ47vCFE0VVqw8UlSE5g
DA:1328,0,dDfAI7sZlbR1TRpP6ianBg
DA:1329,0,ONodlB/yJeVmUEdPXhawlA
DA:1330,0,0jsv/OOIcOhC8JPeaQ+iVA
DA:1333,0,5DImoh5zDRqJaV3sJ3X8Lg
DA:1334,0,AE0iOQK1TSrTy4AtVc6YTg
DA:1335,0,XyKT5+qDSyVGotmy3qKuPA
DA:1338,0,dEgTsjSqEzd00TxSOXBNYA
DA:1339,0,kfg5VEveuPfhQb1Vl+zvQQ
DA:1340,0,ZjvJ9ICw5rbmc9b4j6wMwQ
DA:1341,0,evczmTRir+UwbHIts6Q1YQ
DA:1343,0,CVZRxQ513kGIbu55xZzMuA
DA:1348,0,AiL5uWYQ51g4CDetFdjDTA
DA:1352,0,xjcDBnSwra0OiNOAYAwoHA
DA:1353,0,xvWIcpcyNr0gyGcTkdMxXw
DA:1355,0,g8dyfJlU8zofTZykmEWxIw
DA:1358,0,Gk4LngauZfnpfYu6iynI1g
DA:1359,0,2W2YgR4tsZ7cGpRsTK3FAA
DA:1361,0,uaExduyFiwk0QO7gDOIiiQ
DA:1363,0,tIWrZaEFMjF9nyIDTVFTnA
DA:1364,0,ZbX8HJNREtX6T9lfOtQRVQ
DA:1367,0,ywqYIKEsJcNIOUrElcsgiA
DA:1368,0,0U6fEpCcGVOQVtPG2GBd/g
DA:1370,0,8Sj4vrfaWG9WEmH+JxwOdw
DA:1371,0,H91jwuYLtfCQdC5Nu6YLWA
DA:1372,0,oaMxUZ0mXWQhjLihPsuPYg
DA:1375,0,WKgPUVFuZOuPnvVorOO6Ww
DA:1378,0,cpUmySTXdAu0UnnbFE6Uow
DA:1379,0,KqvmO0Jc5YUp0UWMKELNYw
DA:1382,0,fPiczs+C9zd53SaSm9Ek8A
DA:1383,0,fdcsLdMvpSNROzLZC0EVcQ
DA:1384,0,JxKVKnybO8BBIuu1aS+F9Q
DA:1385,0,YtBQ4wi60ftU00lWWUSU/g
DA:1386,0,BpmstIAFzXJRsjZ84QXqpw
DA:1387,0,Ep4lguffHXXJhLXOw2IaYw
DA:1389,0,evpksrHSFh9g4qOzslP6zw
DA:1391,0,QGr/rgDp7vvAwsUUNVMlpw
DA:1393,0,KDvb9UWbWARhBXNUYtOpag
DA:1396,0,KytZB1y0XYvhyYG+2PmKtg
DA:1397,0,8TV8XaXpjxn5fv8O2JaTcw
DA:1398,0,WAD5oXqHd/xPNFS4nb8lbg
DA:1399,0,oMu3BL8906T0yh5vJCtlFw
DA:1400,0,kErZe1nqI10Kew5HMwg8LQ
DA:1402,0,OiHyOBUBfrgCEH5BEWF9Uw
DA:1403,0,cL5QtePTWFI95Fs9WQ0ThQ
DA:1404,0,YSeD1MjP1qpVyzesnT29Ig
DA:1411,0,H6L2hIbNlQel9Wmj4oj0uA
DA:1412,0,IhTrb7Zt+b+S17TIHimvkw
DA:1413,0,OWUaDxCNTw6VoPP4sXg66A
DA:1415,0,52R1dNy2enwBWC43AvQ/zw
DA:1416,0,kRnF9ByA9UJ7/iGuKsNQHg
DA:1417,0,KzfDDtZ9glWnjlkmhsdahw
DA:1419,0,IhTrb7Zt+b+S17TIHimvkw
DA:1420,0,OWUaDxCNTw6VoPP4sXg66A
DA:1422,0,52R1dNy2enwBWC43AvQ/zw
DA:1424,0,q0MYEL7neSzbY5z4/j8G/A
DA:1425,0,FCrLa2GvwVnkgwJKpHXvrw
DA:1434,0,57iuBtq/1Q0yFuK7CV3kCw
DA:1440,0,+PT7BsJtvnm5h/8Fxv1aEw
DA:1446,0,hN9LWPBDu+Hgfob40Ur3ig
DA:1452,0,fdx2hYjoylqTPS+4Rn4NxQ
DA:1459,0,BA0SE0n9/ZYA6NMQET8toA
DA:1460,0,Qcl8O+3lApK8A22+QRqyDg
DA:1461,0,EuMSg/ndsdYiAUS+Lez18g
DA:1473,0,BA0SE0n9/ZYA6NMQET8toA
DA:1474,0,BtVfI1nzm175eEnk5HV4lA
DA:1476,0,p0F+QRZQWirjkSWJy9D+eA
DA:1477,0,nnws2q6CTk8+sWqGnUIqew
DA:1478,0,Lk84obDSmFmfluqVStWYFA
DA:1479,0,vGnaUIqB5gJw7Ii8CllcjA
DA:1480,0,LC8Bch7kyPD3ph/5RaYI9w
DA:1481,0,MQBW9cy4sgXi0MrXK5nHaw
DA:1482,0,EuMSg/ndsdYiAUS+Lez18g
DA:1499,0,BA0SE0n9/ZYA6NMQET8toA
DA:1500,0,kxouAFEG5zngEoDlpq9kfg
DA:1502,0,p0F+QRZQWirjkSWJy9D+eA
DA:1503,0,BNw0vswkJFBHEXoO0cWayg
DA:1504,0,Fwl8MiuKEfVx8GTrswxg9A
DA:1505,0,99dv/yd8JnwUjpElqi++pg
DA:1506,0,nHsF/10WKAACo1MZhQi/Jw
DA:1507,0,EuMSg/ndsdYiAUS+Lez18g
DA:1512,0,6DGqaEyNx0WMjrQ6YIAirA
DA:1513,0,BqaA1pgL8DQPo8a0gCCt8A
DA:1514,0,TSFrvVVcgnM+5YkjFVB+ig
DA:1515,0,B8Yjj3NNLl4vR4wqZLruVg
DA:1518,0,4XGt6zewMHyygtBTx91Tcg
DA:1529,0,mkz/wpjOzux+sYoVOnSI8Q
DA:1541,0,1XlYkZOY4pkUCDwLQQkcjg
DA:1547,0,R6RwAWy9dg7oqkx8TOWxzQ
DA:1548,0,+v9I5/7dC8m55RTPRE6ylA
DA:1549,0,rtvT6dH3MAe3JUnaxlnQMA
DA:1550,0,d/LwUUj/8GQ2cceM/xgT/Q
DA:1551,0,rvVB545J5LhF8JOvYO2tmA
DA:1552,0,KZVbJQE7l7KXno44RGoYjw
DA:1553,0,Ljh94JQONfqC9Cg0rzxjzA
DA:1554,0,kZ3sNxitj4+PjekHQOusqw
DA:1555,0,Gy2U8q4C5O4IuJ24b2Etzw
DA:1556,0,WvD9v7VHgojP2/j4Z9zDaQ
DA:1557,0,JgSEOD+cT4F5P5Osq6XQZw
DA:1558,0,DeLf4HXB6q2S6tAoxuz3rA
DA:1559,0,XQvWz+dPxrlFeCcSvWU2Pw
DA:1560,0,vWNShwve55FkUYoU1k5prA
DA:1561,0,6G1BpCf6XKzNLHvquLed+A
DA:1562,0,e116Nkl8JahTAeufKU1Mtg
DA:1563,0,cV+vFZ2a9KaJOUlFlfIMvA
DA:1564,0,4l3cyMhodJ+IPVxRJRFNXA
DA:1565,0,GlVbk6ROlV/R6S9x5S92nQ
DA:1566,0,neaQhO4G01mAQyDAZYG7UA
DA:1567,0,jqcwyYge9yPFyfqoSjbGqQ
DA:1568,0,c3qhV2+Ie1c4VuQ6abkxKw
DA:1569,0,OgWnFFdkB0u+4ahwVsIFpg
DA:1570,0,P3DujNV3hChnqEoKtTlg1Q
DA:1571,0,Vf9Ue6GHSeDC+TU7TSan8Q
DA:1573,0,QzVboauG+usfSfJwV1nuHg
DA:1574,0,pxVI+i8hL7p+9BzFDpu0DQ
DA:1575,0,ktIGhv0XHHNRLQRKqiOmwQ
DA:1577,0,Lnz/9pL5UszR1TZ8UIc32g
DA:1578,0,nLesi1zqluAZnAY5vj4m/A
DA:1579,0,oLvWssEvc86/ssOxJQbgQg
DA:1580,0,fSrZx6szwk0KoLIbo/zDLQ
DA:1581,0,WjOghjsQDsW6LZCM/fR0+A
DA:1582,0,Sl4n7zMMl4wwr8857bmjyw
DA:1583,0,FsjjxPXqDK/q2c7qQCtVHA
DA:1584,0,8qKIvABoZdXqvDYEereIgw
DA:1585,0,TjdmZAr6h6JwSKffLs9ELA
DA:1587,0,ouO7gna3RkIrdgeBsYiNcQ
DA:1589,0,nLesi1zqluAZnAY5vj4m/A
DA:1590,0,f8Jg2c5voQvFjzVySxOkzA
DA:1591,0,H8JlSLdkZ7MeRuUvF/mpqA
DA:1592,0,OWKLYWf4iftKEit0riBqQg
DA:1593,0,rgPqxTi82Ic6av5LtVZz9g
DA:1594,0,Uk1iEqLYWHwxE4nbWtF0CQ
DA:1595,0,9qvPhO4f/REVKaDKEDeepw
DA:1596,0,gxuCMGl6CltU/IvJb3053Q
DA:1597,0,C8XsMIc96nvrA+xwH1GtVQ
DA:1598,0,8qKIvABoZdXqvDYEereIgw
DA:1599,0,uM13kpr4B3k1dR8eDwZxTw
DA:1604,0,HgIJ2OnsnhbQVXHgEiYhGA
LF:720
LH:238
end_of_record
TN:
SF:/usr/lib/python3/dist-packages/apt/progress/__init__.py
DA:19,1,eqOgTvDaMDeY1518gJhowQ
DA:26,1,rsRRWulhMqwLvJ3MxolBmA
DA:28,1,da4F/HJkmdp35fCZoBYhug
DA:31,1,0rWd5Hp699+PnMp1FXsNxg
LF:4
LH:4
end_of_record
TN:
SF:/usr/lib/python3/dist-packages/apt/progress/base.py
DA:20,1,bv4hZmE5+KhvqSI2nsPCZQ
DA:25,1,rsRRWulhMqwLvJ3MxolBmA
DA:27,1,hShnGf6SZdvV1LEbSpITgw
DA:28,1,hktQgtM0IpRzuL9yCf3Yjw
DA:29,1,xmMLoYBW1BFhJ6Xn+A/vug
DA:30,1,7Z9Lj4ed27Wf2hBX6jooEA
DA:31,1,p7hNY1S5rX9QtYADf+cK4g
DA:32,1,Q7C25mPkZG6RO80V7lOLKQ
DA:33,1,mUDsnWRiqW9R9nTILGKIZg
DA:35,1,gfaEZ9bUGULCzp4iZbbVCA
DA:37,1,NIdh2H7AHoFPIR6GkFlGQw
DA:39,1,Bbaqd0xkHF08ZXN6Rvu1og
DA:42,1,9ozf8ZGPBR2S59SYRBo6oA
DA:43,1,lLJL6ag5H4HnqkXtW9A96g
DA:49,1,QtR5vnka2IbJ+XGw4gckqQ
DA:51,1,+gxEAnGQAEidor43SX75/w
DA:53,1,56ilKVtUDtXh0y3jb5uGqQ
DA:57,1,kbOSt0KVP57fVRfbDS2ANw
DA:61,1,mTqpq23BEoFcogBwMvPyrQ
DA:65,1,Ew7aqizfFhlwtHKUGzqbsw
DA:74,1,KwTGz2hs/zvQZNEDqshiYg
DA:88,1,+v4DKj7ccqRFKGHj64qMJw
DA:101,1,BQMQdXvZ6t0VsbW4SPgndQ
DA:114,1,lNy1z7td/AgcLqcmT2WCDQ
DA:119,1,tV7ev7n63OzhKwGzohMcrA
DA:120,1,nb1fEpk1WFVOuhK+OqNDRQ
DA:127,1,uGM3NpKTceWjVH1Dre0RRA
DA:129,1,DhqaudT3Zl4q1tBRtzEGNQ
DA:137,1,8ORR+J1tyvTA2NJms/HwgQ
DA:145,1,0wXDj1BPII75fbXh5Z+iFw
DA:154,1,I99eU2woAjuP/kClcKF2mg
DA:155,1,kZouuJzDKFlJuwJUxKRKJQ
DA:157,1,5x0EtGSfxQI5on93ygJH6w
DA:159,1,gFdnwIzxJ64X+nD2UauP7A
DA:167,1,5V3sRAOgTDTvNANOXew4dw
DA:171,1,oqYNp9w1GQbJxao5G/FyUQ
DA:175,1,mnoV0T4hEkr2W8HjAfJidA
DA:179,1,ky6YrnxGyCOeVNJiuiRLtA
DA:184,1,kn6PFWQ1wny++a2+AaKNuQ
DA:188,1,kn9Lby0pSwTxicP6p1fqrA
DA:192,1,GdNyT4GA4HDnP2uVb7K8YQ
DA:196,1,JQQ84vahzV1+HuGr1b83MA
DA:200,1,x8a6aIBKpJnHmdyqvQKiDw
DA:209,1,Y1sryvAe78oAeNGJE17+9w
DA:250,1,ViMNm5TDu81n2ZGuzGfxow
DA:255,1,7kQZqZ0/y3IMel0LUEtR3Q
DA:303,1,Q0nh8O9I5bXeg+yGh405pA
DA:335,1,obXSvGZPM5jutvhSNt+sHg
DA:336,1,koc7wjfxPL0pshVo3cU8/w
DA:340,1,CKdC7KpB6LBQBuLVxxrT5g
DA:342,1,dLXs4uRNy4EfGANsNueGHA
DA:349,1,o+vcRQzY7rUJ29Kn2/87bw
DA:352,1,XljzO7QZ7kvLWp3dSTCFBQ
DA:354,1,sZA2hjEoriPeKs1nUbXWPQ
DA:86,0,W/g8GJDAYJkSSurt59Mzfw
DA:99,0,eJ6zrxnLWn/k18a2vHOhRA
DA:105,0,vldwar5v8ROQqesTjQQfaw
DA:106,0,Zax+cT7sP0uqkjkGSntDaw
DA:107,0,t/inyurVV67Ak5RrUDY/4A
DA:108,0,KjufD2lJSH/my+AbREb98A
DA:109,0,+QaZbr9zcX80gWzn6QKSSA
DA:110,0,xaTl2042vquDwXQveO2OXw
DA:111,0,DVw8znMjHQ3IAq8tfDU/qw
DA:112,0,llUJKhUNzBEXWGRwSV2/tA
DA:161,0,qe2B8NIqvxoLHvrIg+Xr4A
DA:163,0,2LFAngs0vIIcDfFsc7Hsig
DA:164,0,8igN623L8CJwQsiOZefTVw
DA:165,0,wKv/U3WggHqYkf7nrz+77A
DA:177,0,ackOWdJx2/IgtB/ELuvQJg
DA:181,0,Y1Sm5d743LXuYkudXEpD1g
DA:182,0,mNdINuemHdSDfkzU3aDHOQ
DA:222,0,jEMGScjiijKP2emMtk6NjQ
DA:223,0,1nZI22roSjnSYTNlWyxjTA
DA:224,0,xvWIcpcyNr0gyGcTkdMxXw
DA:228,0,sAHSYPCeer9WP/FcsUBuZQ
DA:229,0,Hhgj8YZ2EJAsdrKly8UcxA
DA:230,0,dquiAd0b6I3SPuVFJDK09w
DA:236,0,xvWIcpcyNr0gyGcTkdMxXw
DA:237,0,aGq7nEd7ID9RO0op8D4Leg
DA:238,0,Dr4iceMEi7qvXsS7VW/wYg
DA:239,0,FDP1me9hV5Uyx1sqAgdK3Q
DA:242,0,NrDAqEqcJtvmQgQDEuBvhQ
DA:243,0,piC90VG1nOm9hzBr99Cssw
DA:244,0,Z9+llub2Wf8h8zrIM9vfxA
DA:246,0,IvA7KZu6CU34ydWFXS7iZw
DA:247,0,3IUrjqgWUNnP9r92+bRzzg
DA:248,0,ZTNoDXbaKKinG/e6dEeNsA
DA:253,0,96uhmURSrJHAZrWbDWitfw
DA:258,0,xjcDBnSwra0OiNOAYAwoHA
DA:259,0,9Iih4r3gcdxE5MVZq//5Eg
DA:260,0,ysJnzX1cV///f5rItM74CQ
DA:262,0,lhWC1eJzDnFDHvcSP7QhwA
DA:263,0,nAkQhKvVrfrtB6rDZQSLQw
DA:264,0,MnzpXe1veqpfA7nIMRo0OA
DA:266,0,i3/Qy42v6L7YuMvCngNKOQ
DA:268,0,eT0gjEOPu2v5r7fLAW+ulw
DA:269,0,xvWIcpcyNr0gyGcTkdMxXw
DA:270,0,SOjgOAtTVpL1YdIGOaNUzw
DA:271,0,73DqMM/tqQHuZOmnv6mLRw
DA:273,0,LyRYBTs0Ub+zqAZx1q+cHA
DA:274,0,Q8eJ5if5S8CxD1Ecf1beMg
DA:275,0,xvWIcpcyNr0gyGcTkdMxXw
DA:276,0,+ZiAIDp7dnzcugSLVdgWNw
DA:277,0,73DqMM/tqQHuZOmnv6mLRw
DA:278,0,rNZt9S63Wkt3N+/5y0nbfA
DA:279,0,5Td25DXc5iQW3SuXINkA8A
DA:280,0,jf4RZE2kBJ1r/fXEEj2mpQ
DA:281,0,mtLAisSQFVRqTvyLUnleJw
DA:284,0,tWd0Yzm+dMq9hqDLliPHaw
DA:285,0,qHYng31B54F2TfWkB2vDXw
DA:286,0,xOrNh7iRJDU7+2wVBaELiQ
DA:288,0,/ExJVhvLwW5au6sbZdrT0g
DA:289,0,XP0dOTIIWHsafquz3CTpSA
DA:290,0,6+fbMStxRj5MRPaz36c2ZQ
DA:291,0,xCXm27rw88VHP/CeRcF+jg
DA:292,0,NOy7lTS8YMBitD5vyjqQ6w
DA:293,0,bmQsoFQmUunnghmfzMAF9g
DA:294,0,ZE2Bet1+ONcYS8UsFan5Kg
DA:296,0,FxTVlSJA/X44FNf0hHJo1A
DA:297,0,ETdDnUgrGSt8K6FNUwrgXw
DA:298,0,2yJfwtN36cfpJf2aVzlGzA
DA:299,0,XhgljOA30nh2xz9xayR6fw
DA:300,0,CfcuCYCfu5CH+GHbkruUQA
DA:301,0,OqGHkcV2a+r7S+/jjmbfig
DA:311,0,gAQtZMPPVK6qkMsC0ACOag
DA:313,0,xvWIcpcyNr0gyGcTkdMxXw
DA:314,0,wn1oM7+U6LX/cWhlxHItPw
DA:316,0,LDD5hHD+7vRDBQmTLcDSSQ
DA:317,0,w5RXf0BZqTcFvCkcrwtRQw
DA:318,0,3RtJdrDdAYEnrijGqIA+RA
DA:319,0,Rrkz/Jrrn1dFixxE7fz6ag
DA:321,0,KEYeMI2s0rJspl8ug5Mlrw
DA:322,0,xvWIcpcyNr0gyGcTkdMxXw
DA:323,0,2sWgTJn76qEjWhxa0DJcIg
DA:324,0,tpV4TVyprWCaacjMrjoSTQ
DA:325,0,bILj4pY/pxwJC6+WfN+YlQ
DA:326,0,T3LT3Tdgj8UTzNwjPaQhQg
DA:327,0,r3s5ubQg4CQf75UBEmlwCg
DA:328,0,bILj4pY/pxwJC6+WfN+YlQ
DA:329,0,hp0qP+SVw1MN3rVSfmDU2Q
DA:330,0,Rrkz/Jrrn1dFixxE7fz6ag
DA:332,0,YTWlptadSXDskXlcRHdiQQ
DA:350,0,ll9LGLrC8+fJ0efnjprfiw
LF:138
LH:49
end_of_record
TN:
SF:/usr/lib/python3/dist-packages/apt/progress/text.py
DA:17,1,lB82honU+lDWK8MQRIz1yQ
DA:18,1,rsRRWulhMqwLvJ3MxolBmA
DA:20,1,xmMLoYBW1BFhJ6Xn+A/vug
DA:21,1,7Z9Lj4ed27Wf2hBX6jooEA
DA:22,1,Ux3Z6ya1JDJT008OmoVf0w
DA:23,1,mUDsnWRiqW9R9nTILGKIZg
DA:25,1,aaAPG7jy9GRgr+fPOQGgtw
DA:26,1,ESCSoIzTBuvKQwaX3o/UDw
DA:29,1,NIdh2H7AHoFPIR6GkFlGQw
DA:30,1,3jeLjrV36S1u/GsVbeOYXA
DA:33,1,yZKLd2Pbr9N38hG+eSXOew
DA:36,1,cY1ZAEZFpfk8Fu0uZks2CA
DA:45,1,8FAO2Ix4+wHDFXCRNCGXpg
DA:46,1,MOITK4vsshdozzGUbbns2A
DA:48,1,EFbSlFRmRe/bR99Z/HBs1w
DA:53,1,eer4+9otdzw5xeu6uJrriQ
DA:71,1,i/xmAH7KqVfIeXP8Q5aZ3Q
DA:72,1,bZjdM8rgq2s3TDMNn0TJTA
DA:77,1,EFbSlFRmRe/bR99Z/HBs1w
DA:83,1,dLXs4uRNy4EfGANsNueGHA
DA:92,1,XljzO7QZ7kvLWp3dSTCFBQ
DA:101,1,5vawQf/MR66hgbTQrPqE8g
DA:102,1,G6FEiCJwtRfOa0Ho5OO6ng
DA:104,1,EFbSlFRmRe/bR99Z/HBs1w
DA:112,1,BQMQdXvZ6t0VsbW4SPgndQ
DA:125,1,J26iKb4t6/X22HxRHKd0mw
DA:136,1,Ew7aqizfFhlwtHKUGzqbsw
DA:145,1,kbOSt0KVP57fVRfbDS2ANw
DA:155,1,mTqpq23BEoFcogBwMvPyrQ
DA:170,1,+v4DKj7ccqRFKGHj64qMJw
DA:239,1,xlmxACOmcmQZopNITmninw
DA:248,1,lNy1z7td/AgcLqcmT2WCDQ
DA:263,1,nMRfCbQmsO1vBisJZ7VTJQ
DA:264,1,Im4AQVoyYCB255dzbSsRrg
DA:266,1,DhqaudT3Zl4q1tBRtzEGNQ
DA:277,1,0wXDj1BPII75fbXh5Z+iFw
DA:284,1,8ORR+J1tyvTA2NJms/HwgQ
DA:39,0,1pezZbIdRTYnKtY7e+0WBg
DA:40,0,znLCMweMU2eBrMpP+g6gZQ
DA:41,0,oHb1wz+K6wloW67pxUU23g
DA:42,0,AexTfISHsWDuRw3/PziRhQ
DA:50,0,j39YbakTOMpdIMlDhRwAhg
DA:51,0,C+UM6O3SOide2Q7ObsvM8Q
DA:56,0,+6pOIH2+4CNT/b8ulf4w1Q
DA:57,0,h6NqANFrel0OhwM6zyvfeg
DA:60,0,5kzYUWNmche2v4L8dzGEow
DA:61,0,lJbolbrMLLitb4703lIWmg
DA:62,0,n0ZWZCunV7fYtnfrv6bPmQ
DA:63,0,uC1fPyMVRZrnl7IUXgWsfw
DA:64,0,Wyk3satBADNXiniD/wywSw
DA:65,0,E7UF2jIpKtNRKNA30H66jg
DA:68,0,Qu5fbdTR3WyOb34fRkgfOw
DA:79,0,CqHx17F1oXrT8YCMDVfv7g
DA:80,0,tPkUP0uwXbA2NNavLLYM3w
DA:81,0,FIN17teerVEm6g2x/tdN/g
DA:86,0,ezXVvR2qjqJd2VCQVYTe5A
DA:87,0,/7BMkyVlMZjeH/dhlu5ujg
DA:88,0,aRs0ynYeJjY8QZu3+Fn34g
DA:89,0,aYpSf8/cxIkHPL8Cgr6FGw
DA:90,0,9qSwFVm+PmqIEP4ZzCOS+g
DA:95,0,6VH7uqmYA94/UE2H7AxiGw
DA:96,0,bK4752zZVQJf7BVxoHewWw
DA:97,0,6ISM4MnY0h4w73d5e2hwdA
DA:98,0,FIN17teerVEm6g2x/tdN/g
DA:106,0,CqHx17F1oXrT8YCMDVfv7g
DA:107,0,mXn7ti/Hm5m6ZOm1gWdKww
DA:108,0,KAjTX/kZx+eFc9uv7qB8ZA
DA:109,0,i3HxiF5DkirGvtEBmHAsIQ
DA:110,0,u2BevvndWRF5X1BjQDbDHg
DA:119,0,sV7LUSGDSTWtUsVYsnmBdA
DA:120,0,U8qhG7xUOtHUgpcr850Rfw
DA:122,0,RvP0K9pbihtQAjZvP3t1Zw
DA:123,0,u2BevvndWRF5X1BjQDbDHg
DA:128,0,Iv8NgZZIyjc6HvPknauQEg
DA:129,0,WjkCXWsIXI152H1uHBvC/Q
DA:130,0,BneELCGOq2yAXfTv8Spbmw
DA:131,0,31rJQrOaKEe+5Rpx2gPYTg
DA:132,0,PUladEPShs0+9jx9deNxNA
DA:133,0,rRrFGjA0YiHztdsXdYF52w
DA:134,0,b5aGeBzmkUiJNMYekivK7w
DA:139,0,mrOzvaMbb9nbhQ+PcXXyaQ
DA:140,0,GzajW54iR3OSocv8nKB0bg
DA:141,0,rkN2XMrZCNcdIbAMNoNtjA
DA:142,0,t29UxzW616xsATqZ7wR9dg
DA:143,0,oxnXUZrWEzdRR5mQzF4Tbg
DA:148,0,wYHb4txqzTEdSusN//eopQ
DA:149,0,oDiG943u9stfx3gstdoTtA
DA:150,0,EzDmnrmXnSaiuDIiArIkcQ
DA:152,0,T1w2x+GjCXAmTNQlJk5quw
DA:153,0,Gwwuw/DJPUPH0pLcr5+9vA
DA:158,0,wyz5Q/aLWLvWlGyoORGolA
DA:160,0,8chc5zqjGsMP6O8ys9cXhQ
DA:161,0,MnzpXe1veqpfA7nIMRo0OA
DA:162,0,pRZoGo5bvR7IngvrffFA3A
DA:163,0,Bqg/N/BWXiUt1RJdUv8tLA
DA:164,0,O0Pk9vjCRM9kRXl3kgU1vg
DA:165,0,rkN2XMrZCNcdIbAMNoNtjA
DA:166,0,NpOCScaFyXBNSzPatMc3Sw
DA:168,0,oxnXUZrWEzdRR5mQzF4Tbg
DA:175,0,8W96+66Pa49X+/tQorGqsQ
DA:177,0,JFHJ8iFxnApWfu0jJaIE+w
DA:179,0,z1FY6hyPBCbZwMZY9KnRLg
DA:182,0,fx3x8MlhFRf94axSycyVqA
DA:185,0,mMZQiotbX/n6gbKH0KZXbQ
DA:186,0,pzOtxlVsr/kyIqp4GfuEgg
DA:187,0,YRfH7n4sro5K2XNQbJk0cA
DA:188,0,IA6yM63zF1I5ZmfHsvukYQ
DA:189,0,Nm3RSU4dWPiSYqIen6KjXw
DA:191,0,KHkhwVIE2I5mb7ByJh6YxA
DA:194,0,pndBMYRmh/wbTLvG00XVVg
DA:195,0,4XxbAUb4PsmEeO6F7QoZ3g
DA:196,0,53cq94E8ZEZkpaaeB6M8mQ
DA:197,0,INK3G+rL/0Mz++IOVN7ang
DA:198,0,aDXpuyJxS/+sPdYD6A9nXw
DA:199,0,JlqEvcAOQ4KwRogG2f93uw
DA:200,0,oaMxUZ0mXWQhjLihPsuPYg
DA:201,0,0qyZoR+0zRC4XWimAokrxA
DA:202,0,hmFaJ7idG+XBsXN75RbydA
DA:203,0,HRmYgrUgQRrlHMAQ7gWdXQ
DA:204,0,OtVLebguw2glfpdhhri9Yg
DA:206,0,Kl8FJVO7/uVmOQk0FBcUdg
DA:207,0,0aru7CM40f1o8V26YCyKKQ
DA:210,0,vuU8C+BbO4JFbHw/guRLLA
DA:211,0,Gdb9XLole0IoVMb1nx4dEA
DA:212,0,cisTrpUknmvLXRbBnO9EVQ
DA:214,0,90Vfuxep9LcTAzx/of/AgQ
DA:217,0,ZKtOEAYcGsLFNl2hjxqLKg
DA:218,0,sF3TDB8tfP7I5RWmXOREtg
DA:222,0,Tjx1n13/Zoc60MZJs9eTtQ
DA:224,0,QNsGQI1yXNjws7xIHJsElQ
DA:226,0,pOJwuGdEbe7GLbMcySd1QA
DA:228,0,7YSPYmN6E5MK2hM0/7BrXA
DA:230,0,omUgFpAjPH2xursACnyqyQ
DA:231,0,tOIeBGhsflfEtcmOVC+plQ
DA:233,0,IA6yM63zF1I5ZmfHsvukYQ
DA:234,0,3jugjRRZD5KBlqGvZCEOFg
DA:236,0,hV066vc6zV4Mw9N4wP7a6w
DA:237,0,eJ6zrxnLWn/k18a2vHOhRA
DA:242,0,hmYlB0pNL9NI/Ztq1HIvTw
DA:243,0,0GgJRN1YzIYhds6eqt4p3w
DA:246,0,dMFxvhXTrHTwpf7yo3CevA
DA:251,0,5/LcNxmosaIQo6In3YHzZg
DA:253,0,Vjtym58CCamaFBVkWHJI9g
DA:259,0,7Y0LlqYxR5wOP6jdVJrafQ
DA:260,0,xBgg5jVurwjl4XqcxpCYrg
DA:269,0,bx4AoGS05crs5922fQBexQ
DA:270,0,T7vdCni8+NzanKz+b6rgzg
DA:272,0,xjcDBnSwra0OiNOAYAwoHA
DA:273,0,Y6EQTU5sPrisVrZaGr170w
DA:274,0,SkO+HohD3ftvzHDUY1PbjA
DA:275,0,Dwjd91USmMoWKfkSCVg/jg
DA:280,0,cqTJTTVZbrrq7Rcxu9P7Pg
DA:281,0,9XUTfseDP7mJ7xvo603djg
DA:282,0,C+WjGRn81/i5mJfVWlzr2g
DA:287,0,e09qmJd8sKzzgnqbA5VCUw
DA:288,0,6brtkEbAqUm4vzUiefFKlQ
DA:290,0,xjcDBnSwra0OiNOAYAwoHA
DA:291,0,Mk4q6blPttRMD0wzZRnDog
DA:292,0,SkO+HohD3ftvzHDUY1PbjA
DA:293,0,kycMaH6XbPuAfUpgfG1Lbg
LF:156
LH:33
end_of_record
TN:
SF:get_packagelist.py
DA:3,1,EZEzNmL93PY96zsSuI0PfQ
DA:4,1,OaTlemF3bXMi5MP7Db8vkQ
DA:5,1,CQJr+m8+UIFPKOUUHNn9iQ
DA:6,1,/elyXNs0Uz9uRJJkZTeykA
DA:7,1,zh73OQXaJjZtLclfzzGNJQ
DA:8,1,IbblOrezB3wnprwaAYNOSQ
DA:11,1,C4ZYcWH3kedM5Pre8ByKgg
DA:12,1,WwqTmv78WftFYNnaYjDI6g
DA:15,1,5YI9BlEtn85pi1aTqwOiQQ
DA:16,1,kxA2Jje2AIbAcbiAfObg/A
DA:17,1,2+fscH43wGBJlxwrHQVZUQ
DA:18,1,2Qe46g3UkVOJerlgDvDKHA
DA:19,1,f3Sp/yst7mxxcpbQFeMqwA
DA:20,1,I5gsd4Frx1puEkdSXFcg6Q
DA:21,1,0IbcgTyr2AtfYEYmHuJF8A
DA:23,1,OzHPteHthT4t5DJPrEtueQ
DA:24,1,apkQQtiiE4JOuDIBvLOUjQ
DA:26,1,g2YgHVLpYT1op8OvNGTdtg
DA:27,1,cPa3dAsIk+eSRfSpgwNsyg
DA:28,1,+xmP+A9A1RXEK+llvKDNRQ
DA:29,1,GdwN3ctNYWPMS1QdkgYEUw
DA:35,1,bbGxbaVz2WTLJtQ4tsKHzA
DA:31,0,RqG5b9+O60mpM2k+5lYG9g
DA:32,0,apkQQtiiE4JOuDIBvLOUjQ
LF:24
LH:22
end_of_record
TN:
SF:installed_modules.py
DA:2,1,L/jqrDHxbfUd/SDMFGHfTA
DA:3,1,v1nv1y2si1MLzDcoSda6Ag
DA:4,1,EZEzNmL93PY96zsSuI0PfQ
DA:5,1,WpEjgxacqgxANZhpobgHYQ
DA:6,1,O9G3nf8H6IkR7XplnnjG+A
DA:8,1,C4ZYcWH3kedM5Pre8ByKgg
DA:9,1,WwqTmv78WftFYNnaYjDI6g
DA:12,1,ej4e2q8rhasaGw0OSPYcxg
DA:14,1,4Ip4v/e09L0pUuHDSAVTUw
DA:15,1,BK+foMhfUltpwhLaXPLX4g
DA:16,1,zzLAEf6C7MPvpvAjqPh41A
DA:17,1,tEHnSYhX9ZCoNK7oN3sXzw
DA:19,1,leWPu3a92U46XgI3/MVg5A
DA:22,1,j+CcxAIEiLeqjzkbiEHnZA
DA:25,1,IULXV9IvPPjx16dvpwtKlA
DA:26,1,xD//Fkn+kpQyWk8pVb3isQ
DA:33,1,H1St3Jl5h1iDbMtEk0UULg
DA:39,1,InFi29Kz7vcZCcoMXmar8Q
DA:41,1,w9pDOU3N+8BZom1BmPhv9A
DA:42,1,uy3xIlTc/MI+LeDVLnIDXA
DA:44,1,ubdP0vrwS0zyJ4nZMIfYLw
DA:46,1,poEwoT/qe31p5RdMpl+rDA
DA:48,1,7HaoM90LgyQYdjSNOwMspw
DA:49,1,Cjd0gU0PZhsUzalIkyZEXA
DA:51,1,7WGzvQQ7DONfeTX55lfzYQ
DA:53,1,6lY3E9J2oJ4C6Bmcdi5P1g
DA:20,0,tb6x5XkJak4iDwb9asFUTA
DA:23,0,zsJYvdhbFRMbw2T+SkqY8A
LF:28
LH:26
end_of_record
TN:
SF:installed_packages.py
DA:3,1,XRh5gz49gzin2tgbGaB31w
DA:4,1,SU5U2fD6s+tLkx7rNHzd6g
DA:5,1,EZEzNmL93PY96zsSuI0PfQ
DA:6,1,WpEjgxacqgxANZhpobgHYQ
DA:7,1,p7hNY1S5rX9QtYADf+cK4g
DA:8,1,IbblOrezB3wnprwaAYNOSQ
DA:10,1,C4ZYcWH3kedM5Pre8ByKgg
DA:11,1,WwqTmv78WftFYNnaYjDI6g
DA:14,1,yK+gDZk5Azi0zoBh4DFxVw
DA:16,1,4Ip4v/e09L0pUuHDSAVTUw
DA:17,1,BK+foMhfUltpwhLaXPLX4g
DA:18,1,zzLAEf6C7MPvpvAjqPh41A
DA:19,1,tEHnSYhX9ZCoNK7oN3sXzw
DA:21,1,leWPu3a92U46XgI3/MVg5A
DA:24,1,j+CcxAIEiLeqjzkbiEHnZA
DA:27,1,IULXV9IvPPjx16dvpwtKlA
DA:28,1,xD//Fkn+kpQyWk8pVb3isQ
DA:35,1,sxd4lmF6Oo7+o/DzoYxfjQ
DA:37,1,GfOCJieJ6LOhx5QcwgCz9g
DA:39,1,mu0/lB6mQHiv4+KlCkoUOA
DA:40,1,Jq4UptHNT7b9n2JSziF1Yg
DA:41,1,BhiHWqkOnX5qkVA5JCyyWQ
DA:42,1,gRnF8TBTReR1lfcn/RKGkw
DA:43,1,xvWIcpcyNr0gyGcTkdMxXw
DA:44,1,0goYDa/dtBNSZiCSc/D0+g
DA:57,1,O5I4UEmQJy6/McdIdmA5DA
DA:58,1,0goYDa/dtBNSZiCSc/D0+g
DA:71,1,W64RM5OVKkeXFewlGiUANw
DA:76,1,cofGqLgux6ETqynasVIViA
DA:78,1,ZqnfJfgA05euHN8eYUrFyQ
DA:80,1,QsDv4laZlXkyqz6PVzL27A
DA:22,0,wdhRvg2BgsEFIQIShbDgpQ
DA:25,0,zsJYvdhbFRMbw2T+SkqY8A
LF:33
LH:31
end_of_record
TN:
SF:json_encoder.py
DA:3,1,OaTlemF3bXMi5MP7Db8vkQ
DA:4,1,L/jqrDHxbfUd/SDMFGHfTA
DA:5,1,c4qkhxvjudhp5IoHKvvU8g
DA:6,1,mntLl/HRKWWhwnR+wWK3uA
DA:7,1,PKSKXfffQKaCpuO1DPKNmg
DA:10,1,7N428SAfKxk01fftg+qxJw
DA:11,1,rfqKY2l47GGP5HwwNM6XXg
DA:12,1,Y0p2HOtXNvE9TXaRo0Kk8g
DA:13,1,FccZ2ChaWzzSU8p6U9/1AQ
DA:14,1,mzqLtWTFhOwSalSNROtbLw
DA:15,1,ijWrg1SfBVc32FwMTS7WPA
DA:16,1,UvVtPX2ABTcrERpWVbfxig
DA:17,1,ijWrg1SfBVc32FwMTS7WPA
DA:19,0,Df8huurbVE9q9Op7GOV7fQ
LF:14
LH:13
end_of_record
TN:
SF:test_get_packagelist.py
DA:1,1,OaTlemF3bXMi5MP7Db8vkQ
DA:2,1,HpnRaonI+cxNN45G5kSrEg
DA:3,1,tiTQEZ4CNg4/RWGZWrzuKw
DA:4,1,sdiI1It1/4D1Zqqz+kpAgg
DA:7,1,uNaQx2H/t/zJqOttiCUfRQ
DA:8,1,uoL6QR57IfFlQQ/ac7L2+Q
DA:11,1,eJRowet6dUJbAA5hU/q5Sg
DA:12,1,6OalXTvUUfcAyvRL8JW3KQ
DA:13,1,Lbu2h5r3wl/2eqCEiYlPHw
DA:16,1,Cw/NhHw1BRYNVJ1GNOtfmw
DA:17,1,1nIux/cKNsEOVWElSAuLhA
DA:18,1,/E+qjEIBTeCK4K4sAi4+6w
DA:21,1,NmlTj7DyPiEQBoy5RVNvAQ
DA:22,1,t31+BCJG7DybZLC76bbqgw
DA:23,1,z3ejNseHFKhqVV4PiziLpA
DA:24,1,07fihMxSOI9WUUdlwjrcJQ
DA:25,1,Gux0rxGX1tsH2FSGZX7BwQ
DA:26,1,UnVVxy5LwWvpoBQEsZSFKw
DA:29,1,AaPyOUO20fUFU0MlRuSzyw
DA:30,1,BjsLKltwKU4VMYIHA5Jwxg
DA:33,1,ui6prg3Y5DJflDOmV8ygzA
DA:34,1,dvP+VeKWycc+V41ZB2HS+g
DA:35,1,aIBH9YqLYB4vtKE3KYRlKg
DA:36,1,h8Rv0hk+yhIrJQpIWB+eLA
DA:39,1,7EN8vYyAyXU8qX/nn+RdPA
DA:40,1,dL2MOQ5FFPg5v8Pz54Gshg
DA:41,1,1X2teWiGIb2ap8tQVkSLbw
DA:42,1,WEl6uVQINpsh9XUBb6UAAA
LF:28
LH:28
end_of_record
TN:
SF:test_installed_modules.py
DA:1,1,sdiI1It1/4D1Zqqz+kpAgg
DA:4,1,QwCWtw/OAUA5mQYUmmcXMA
DA:5,1,XhI9gbAYO1a4k9Aktm6W0g
DA:8,1,YLMmGStlBx4mJ0p7/ZW9IA
DA:9,1,Qw3+Ae4UyvAPBZtH877acw
DA:12,1,VyVvDLGG1UeDPDl9Wo7f4g
DA:13,1,zUYwJsXp8xOIEp4itPo23w
DA:16,1,4e6yCEIM8FHeRLm9NN2YXA
DA:17,1,Pa2UaJfEqrkFTreRBxmZJg
DA:20,1,v7TZY6cRAJVnMD9MihmTsw
DA:21,1,q9g0i2xf2zGwhxSOXhiQhA
DA:22,1,MQEwsGhLyc7cRBY3P0gEiA
DA:25,1,AxYkS7CYj1WlylwPeYcQXQ
DA:26,1,R6HVLFSRgLBCnQgw3wEt4Q
DA:27,1,7jN5Ews/vT76SQkMHonOaw
DA:28,1,X4T0AEJE5SJcpx7opktW3g
DA:31,1,S3QejgrAfQ3+V7jRd1lCVw
DA:32,1,9C04wfG8odNZ1jI+roRr0g
LF:18
LH:18
end_of_record
TN:
SF:test_installed_packages.py
DA:1,1,tiTQEZ4CNg4/RWGZWrzuKw
DA:4,1,UE51Vzw6zRmSyf1+OnVWmg
DA:5,1,I+zd5u+CbVRpS2nwy89lXg
DA:8,1,UfR4PjEwH2ZFZhdQdfxOUA
DA:9,1,PlhzUVwRHIao2i3xbc1u2Q
DA:12,1,62gRy/J2A/qzN4UP8Cv+Kg
DA:13,1,ZbOeyq//6ILfbXPjwD/4Fw
DA:16,1,S6/HNYWIZdonZrZrkhc75w
DA:17,1,Phfz5gzn4mYF3c2UKE8Akw
DA:18,1,h9Ysc1xiy/TGL7TDfOwEmg
DA:21,1,FfzXJoAtniZDWKM5uN6hKQ
DA:22,1,e0XOlJj7nr8gbUafpRKCjg
DA:23,1,sztiPq3FqlAZCtswqGijzg
DA:24,1,8yLYi+qEwLobjbAEuzbmBA
DA:27,1,S3QejgrAfQ3+V7jRd1lCVw
DA:28,1,XPqU9r9MTD6vy438M8Vo9Q
DA:31,1,TtJfVJnk4nguZ9Pz1h2nIw
DA:32,1,kSGZDEZUW43W/ix9wPCdGQ
DA:33,1,XuEIlIdjKJUai3N6K3cDLQ
DA:34,1,+UK1IEnu6fVHfpPc4w3iYg
DA:35,1,FE1n/Rosow39nKPGcEyhog
LF:21
LH:21
end_of_record
TN:
SF:test_json_encoder.py
DA:1,1,QIWoPHLSr9Vz3VL+YrkFWA
DA:2,1,PKSKXfffQKaCpuO1DPKNmg
DA:3,1,mntLl/HRKWWhwnR+wWK3uA
DA:6,1,tPaboil2gQqAe4OhFhKJCg
DA:7,1,r251wqBFKRIj39+N2SiZGg
DA:10,1,XVII1Ylxs+L/7bKfAeB1Yg
DA:11,1,2KX8kh9/0tOOPzWLg/x0jw
DA:14,1,IpASptD7mu7Fh1J4Ev2KNw
DA:15,1,ZYx+gF1P+Sb7dMBZTzpNcQ
DA:18,1,6nSm7SNMC6Ny79QWfdcoGQ
DA:19,1,EvEGzZHYMhdufFEh4n/VIg
DA:25,1,P3jEJ2O4MZEP3e0FDIPIfA
DA:26,1,EvEGzZHYMhdufFEh4n/VIg
DA:32,1,zJD4HFSE3EhHcKOQC+/y5Q
DA:33,1,EvEGzZHYMhdufFEh4n/VIg
DA:39,1,NCM2iKTau+hFFcmtH5tObQ
DA:40,1,EvEGzZHYMhdufFEh4n/VIg
DA:46,1,KuBKUg3SH2rAa/Ixn0CUqw
DA:47,1,EvEGzZHYMhdufFEh4n/VIg
DA:53,1,v9WJhtdY22yLR+zWGT8oLQ
DA:54,1,EvEGzZHYMhdufFEh4n/VIg
DA:65,1,fdsCdEnPBMd/mEimEpHUuQ
DA:66,1,cKwrgTn5s3n3QfaITUqwLQ
DA:67,1,G8cQYCLFUARQP5a4K91q7w
DA:68,1,cUYtu7cernVYi13nsWJBsg
DA:69,1,vusChGwESZtjtHzcXFH3rQ
DA:70,1,daeuI6drPRNL2xC7JgAM0w
DA:71,1,qCeLSGcFMorelJpYgbUYkQ
DA:72,1,Irpqv5RONcGEgUUMCpjceA
DA:73,1,7+1U/HmAe89UrCF6hovhcg
LF:30
LH:30
end_of_record
